<?xml version="1.0" encoding="UTF-8"?>
<testsuite name="basic" tests="2" skipped="0" failures="1" errors="0" timestamp="2019-03-29T09:27:36" hostname="QAMacMini-3" time="26.629">
  <properties/>
  <testcase name="logout" classname="basic" time="7.225">
    <failure message="org.openqa.selenium.NoSuchElementException: no such element (An element could not be located on the page using the given search parameters (XPATH='//*[@contentDescription='Change the current view']'))  (WARNING: The server did not provide any stacktrace information)&#10;Command duration or timeout: 0 milliseconds&#10;For documentation on this error, please visit: http://seleniumhq.org/exceptions/no_such_element.html&#10;Build info: version: '3.14.0', revision: 'aacccce0', time: '2018-08-02T20:19:58.91Z'&#10;System info: host: 'QAMacMini-3', ip: '172.16.8.28', os.name: 'Mac OS X', os.arch: 'x86_64', os.version: '10.14.2', java.version: '1.8.0_121'&#10;Driver info: io.appium.java_client.android.AndroidDriver&#10;Capabilities {appActivity: .activity.HomeActivity, appPackage: com.todoist, appiumVersion: 1.8.0, autoAcceptAlerts: false, autoDismissAlerts: false, autoGrantPermissions: false, autoWebview: false, desired: {appActivity: .activity.HomeActivity, appPackage: com.todoist, platformName: Android, reportDirectory: reports, reportFormat: xml, testName: Untitled, udid: 3ST0219301001652}, device.category: PHONE, device.majorVersion: 9, device.manufacture: HUAWEI, device.model: HMA-L29, device.name: HMA-L29, device.os: Android, device.screenSize: 1080x2244, device.serialNumber: 3ST0219301001652, device.version: 9, deviceUDID: 3ST0219301001652, dontGoHomeOnQuit: false, dontStopAppOnReset: false, fullReset: false, install.only.for.update: false, instrumentApp: false, javascriptEnabled: true, keystorePath: ~/.android/debug.keystore, locationServicesAuthorized: false, newSessionWaitTimeout: 300, noReset: false, platform: ANDROID, platformName: ANDROID, projectName: , reportDirectory: reports, reportFormat: xml, reportUrl: /Users/TestTeam/appiumstudi..., reservationDuration: 240, takeScreenshots: true, test.type: Mobile, testName: Untitled, udid: 3ST0219301001652, useKeystore: false, waitForDeviceTimeout: 120000}&#10;Session ID: cf8229dc-52c5-45ca-bd91-c8152ca4c22a&#10;*** Element info: {Using=xpath, value=//*[@contentDescription='Change the current view']}" type="org.openqa.selenium.NoSuchElementException">org.openqa.selenium.NoSuchElementException: no such element (An element could not be located on the page using the given search parameters (XPATH='//*[@contentDescription='Change the current view']'))  (WARNING: The server did not provide any stacktrace information)
Command duration or timeout: 0 milliseconds
For documentation on this error, please visit: http://seleniumhq.org/exceptions/no_such_element.html
Build info: version: '3.14.0', revision: 'aacccce0', time: '2018-08-02T20:19:58.91Z'
System info: host: 'QAMacMini-3', ip: '172.16.8.28', os.name: 'Mac OS X', os.arch: 'x86_64', os.version: '10.14.2', java.version: '1.8.0_121'
Driver info: io.appium.java_client.android.AndroidDriver
Capabilities {appActivity: .activity.HomeActivity, appPackage: com.todoist, appiumVersion: 1.8.0, autoAcceptAlerts: false, autoDismissAlerts: false, autoGrantPermissions: false, autoWebview: false, desired: {appActivity: .activity.HomeActivity, appPackage: com.todoist, platformName: Android, reportDirectory: reports, reportFormat: xml, testName: Untitled, udid: 3ST0219301001652}, device.category: PHONE, device.majorVersion: 9, device.manufacture: HUAWEI, device.model: HMA-L29, device.name: HMA-L29, device.os: Android, device.screenSize: 1080x2244, device.serialNumber: 3ST0219301001652, device.version: 9, deviceUDID: 3ST0219301001652, dontGoHomeOnQuit: false, dontStopAppOnReset: false, fullReset: false, install.only.for.update: false, instrumentApp: false, javascriptEnabled: true, keystorePath: ~/.android/debug.keystore, locationServicesAuthorized: false, newSessionWaitTimeout: 300, noReset: false, platform: ANDROID, platformName: ANDROID, projectName: , reportDirectory: reports, reportFormat: xml, reportUrl: /Users/TestTeam/appiumstudi..., reservationDuration: 240, takeScreenshots: true, test.type: Mobile, testName: Untitled, udid: 3ST0219301001652, useKeystore: false, waitForDeviceTimeout: 120000}
Session ID: cf8229dc-52c5-45ca-bd91-c8152ca4c22a
*** Element info: {Using=xpath, value=//*[@contentDescription='Change the current view']}
	at sun.reflect.NativeConstructorAccessorImpl.newInstance0(Native Method)
	at sun.reflect.NativeConstructorAccessorImpl.newInstance(NativeConstructorAccessorImpl.java:62)
	at sun.reflect.DelegatingConstructorAccessorImpl.newInstance(DelegatingConstructorAccessorImpl.java:45)
	at java.lang.reflect.Constructor.newInstance(Constructor.java:423)
	at org.openqa.selenium.remote.ErrorHandler.createThrowable(ErrorHandler.java:214)
	at org.openqa.selenium.remote.ErrorHandler.throwIfResponseFailed(ErrorHandler.java:166)
	at org.openqa.selenium.remote.http.JsonHttpResponseCodec.reconstructValue(JsonHttpResponseCodec.java:40)
	at org.openqa.selenium.remote.http.AbstractHttpResponseCodec.decode(AbstractHttpResponseCodec.java:80)
	at org.openqa.selenium.remote.http.AbstractHttpResponseCodec.decode(AbstractHttpResponseCodec.java:44)
	at org.openqa.selenium.remote.HttpCommandExecutor.execute(HttpCommandExecutor.java:158)
	at io.appium.java_client.remote.AppiumCommandExecutor.execute(AppiumCommandExecutor.java:89)
	at org.openqa.selenium.remote.RemoteWebDriver.execute(RemoteWebDriver.java:548)
	at io.appium.java_client.DefaultGenericMobileDriver.execute(DefaultGenericMobileDriver.java:42)
	at io.appium.java_client.AppiumDriver.execute(AppiumDriver.java:1)
	at io.appium.java_client.android.AndroidDriver.execute(AndroidDriver.java:1)
	at org.openqa.selenium.remote.RemoteWebDriver.findElement(RemoteWebDriver.java:322)
	at io.appium.java_client.DefaultGenericMobileDriver.findElement(DefaultGenericMobileDriver.java:62)
	at io.appium.java_client.AppiumDriver.findElement(AppiumDriver.java:1)
	at io.appium.java_client.android.AndroidDriver.findElement(AndroidDriver.java:1)
	at org.openqa.selenium.remote.RemoteWebDriver.findElementByXPath(RemoteWebDriver.java:424)
	at io.appium.java_client.DefaultGenericMobileDriver.findElementByXPath(DefaultGenericMobileDriver.java:140)
	at io.appium.java_client.AppiumDriver.findElementByXPath(AppiumDriver.java:1)
	at io.appium.java_client.android.AndroidDriver.findElementByXPath(AndroidDriver.java:1)
	at org.openqa.selenium.By$ByXPath.findElement(By.java:353)
	at org.openqa.selenium.remote.RemoteWebDriver.findElement(RemoteWebDriver.java:314)
	at io.appium.java_client.DefaultGenericMobileDriver.findElement(DefaultGenericMobileDriver.java:58)
	at io.appium.java_client.AppiumDriver.findElement(AppiumDriver.java:1)
	at io.appium.java_client.android.AndroidDriver.findElement(AndroidDriver.java:1)
	at basic.logout(basic.java:52)
	at sun.reflect.NativeMethodAccessorImpl.invoke0(Native Method)
	at sun.reflect.NativeMethodAccessorImpl.invoke(NativeMethodAccessorImpl.java:62)
	at sun.reflect.DelegatingMethodAccessorImpl.invoke(DelegatingMethodAccessorImpl.java:43)
	at java.lang.reflect.Method.invoke(Method.java:498)
	at org.junit.runners.model.FrameworkMethod$1.runReflectiveCall(FrameworkMethod.java:50)
	at org.junit.internal.runners.model.ReflectiveCallable.run(ReflectiveCallable.java:12)
	at org.junit.runners.model.FrameworkMethod.invokeExplosively(FrameworkMethod.java:47)
	at org.junit.internal.runners.statements.InvokeMethod.evaluate(InvokeMethod.java:17)
	at org.junit.internal.runners.statements.RunBefores.evaluate(RunBefores.java:26)
	at org.junit.internal.runners.statements.RunAfters.evaluate(RunAfters.java:27)
	at org.junit.runners.ParentRunner.runLeaf(ParentRunner.java:325)
	at org.junit.runners.BlockJUnit4ClassRunner.runChild(BlockJUnit4ClassRunner.java:78)
	at org.junit.runners.BlockJUnit4ClassRunner.runChild(BlockJUnit4ClassRunner.java:57)
	at org.junit.runners.ParentRunner$3.run(ParentRunner.java:290)
	at org.junit.runners.ParentRunner$1.schedule(ParentRunner.java:71)
	at org.junit.runners.ParentRunner.runChildren(ParentRunner.java:288)
	at org.junit.runners.ParentRunner.access$000(ParentRunner.java:58)
	at org.junit.runners.ParentRunner$2.evaluate(ParentRunner.java:268)
	at org.junit.runners.ParentRunner.run(ParentRunner.java:363)
	at org.gradle.api.internal.tasks.testing.junit.JUnitTestClassExecutor.runTestClass(JUnitTestClassExecutor.java:106)
	at org.gradle.api.internal.tasks.testing.junit.JUnitTestClassExecutor.execute(JUnitTestClassExecutor.java:58)
	at org.gradle.api.internal.tasks.testing.junit.JUnitTestClassExecutor.execute(JUnitTestClassExecutor.java:38)
	at org.gradle.api.internal.tasks.testing.junit.AbstractJUnitTestClassProcessor.processTestClass(AbstractJUnitTestClassProcessor.java:66)
	at org.gradle.api.internal.tasks.testing.SuiteTestClassProcessor.processTestClass(SuiteTestClassProcessor.java:51)
	at sun.reflect.NativeMethodAccessorImpl.invoke0(Native Method)
	at sun.reflect.NativeMethodAccessorImpl.invoke(NativeMethodAccessorImpl.java:62)
	at sun.reflect.DelegatingMethodAccessorImpl.invoke(DelegatingMethodAccessorImpl.java:43)
	at java.lang.reflect.Method.invoke(Method.java:498)
	at org.gradle.internal.dispatch.ReflectionDispatch.dispatch(ReflectionDispatch.java:35)
	at org.gradle.internal.dispatch.ReflectionDispatch.dispatch(ReflectionDispatch.java:24)
	at org.gradle.internal.dispatch.ContextClassLoaderDispatch.dispatch(ContextClassLoaderDispatch.java:32)
	at org.gradle.internal.dispatch.ProxyDispatchAdapter$DispatchingInvocationHandler.invoke(ProxyDispatchAdapter.java:93)
	at com.sun.proxy.$Proxy1.processTestClass(Unknown Source)
	at org.gradle.api.internal.tasks.testing.worker.TestWorker.processTestClass(TestWorker.java:109)
	at sun.reflect.NativeMethodAccessorImpl.invoke0(Native Method)
	at sun.reflect.NativeMethodAccessorImpl.invoke(NativeMethodAccessorImpl.java:62)
	at sun.reflect.DelegatingMethodAccessorImpl.invoke(DelegatingMethodAccessorImpl.java:43)
	at java.lang.reflect.Method.invoke(Method.java:498)
	at org.gradle.internal.dispatch.ReflectionDispatch.dispatch(ReflectionDispatch.java:35)
	at org.gradle.internal.dispatch.ReflectionDispatch.dispatch(ReflectionDispatch.java:24)
	at org.gradle.internal.remote.internal.hub.MessageHubBackedObjectConnection$DispatchWrapper.dispatch(MessageHubBackedObjectConnection.java:155)
	at org.gradle.internal.remote.internal.hub.MessageHubBackedObjectConnection$DispatchWrapper.dispatch(MessageHubBackedObjectConnection.java:137)
	at org.gradle.internal.remote.internal.hub.MessageHub$Handler.run(MessageHub.java:404)
	at org.gradle.internal.concurrent.ExecutorPolicy$CatchAndRecordFailures.onExecute(ExecutorPolicy.java:63)
	at org.gradle.internal.concurrent.ManagedExecutorImpl$1.run(ManagedExecutorImpl.java:46)
	at java.util.concurrent.ThreadPoolExecutor.runWorker(ThreadPoolExecutor.java:1142)
	at java.util.concurrent.ThreadPoolExecutor$Worker.run(ThreadPoolExecutor.java:617)
	at org.gradle.internal.concurrent.ThreadFactoryImpl$ManagedThreadRunnable.run(ThreadFactoryImpl.java:55)
	at java.lang.Thread.run(Thread.java:745)
</failure>
  </testcase>
  <testcase name="login" classname="basic" time="19.404"/>
  <system-out><![CDATA[17:27:36.221 [Forwarding newSession on session null to remote] DEBUG org.apache.http.client.protocol.RequestAddCookies - CookieSpec selected: default
17:27:36.221 [Forwarding newSession on session null to remote] DEBUG org.apache.http.client.protocol.RequestAuthCache - Auth cache not set in the context
17:27:36.221 [Forwarding newSession on session null to remote] DEBUG org.apache.http.impl.conn.PoolingHttpClientConnectionManager - Connection request: [route: {}->http://localhost:4723][total kept alive: 1; route allocated: 1 of 2000; total allocated: 1 of 2000]
17:27:36.221 [Forwarding newSession on session null to remote] DEBUG org.apache.http.impl.conn.PoolingHttpClientConnectionManager - Connection leased: [id: 0][route: {}->http://localhost:4723][total kept alive: 0; route allocated: 1 of 2000; total allocated: 1 of 2000]
17:27:36.221 [Forwarding newSession on session null to remote] DEBUG org.apache.http.impl.conn.DefaultManagedHttpClientConnection - http-outgoing-0: set socket timeout to 0
17:27:36.221 [Forwarding newSession on session null to remote] DEBUG org.apache.http.impl.conn.DefaultManagedHttpClientConnection - http-outgoing-0: set socket timeout to 10800000
17:27:36.221 [Forwarding newSession on session null to remote] DEBUG org.apache.http.impl.execchain.MainClientExec - Executing request POST /wd/hub/session HTTP/1.1
17:27:36.221 [Forwarding newSession on session null to remote] DEBUG org.apache.http.impl.execchain.MainClientExec - Target auth state: UNCHALLENGED
17:27:36.221 [Forwarding newSession on session null to remote] DEBUG org.apache.http.impl.execchain.MainClientExec - Proxy auth state: UNCHALLENGED
17:27:36.222 [Forwarding newSession on session null to remote] DEBUG org.apache.http.headers - http-outgoing-0 >> POST /wd/hub/session HTTP/1.1
17:27:36.222 [Forwarding newSession on session null to remote] DEBUG org.apache.http.headers - http-outgoing-0 >> Content-Type: application/json; charset=utf-8
17:27:36.222 [Forwarding newSession on session null to remote] DEBUG org.apache.http.headers - http-outgoing-0 >> User-Agent: selenium/3.14.0 (java mac)
17:27:36.222 [Forwarding newSession on session null to remote] DEBUG org.apache.http.headers - http-outgoing-0 >> Content-Length: 364
17:27:36.222 [Forwarding newSession on session null to remote] DEBUG org.apache.http.headers - http-outgoing-0 >> Host: localhost:4723
17:27:36.222 [Forwarding newSession on session null to remote] DEBUG org.apache.http.headers - http-outgoing-0 >> Connection: Keep-Alive
17:27:36.222 [Forwarding newSession on session null to remote] DEBUG org.apache.http.headers - http-outgoing-0 >> Accept-Encoding: gzip,deflate
17:27:36.222 [Forwarding newSession on session null to remote] DEBUG org.apache.http.wire - http-outgoing-0 >> "POST /wd/hub/session HTTP/1.1[\r][\n]"
17:27:36.222 [Forwarding newSession on session null to remote] DEBUG org.apache.http.wire - http-outgoing-0 >> "Content-Type: application/json; charset=utf-8[\r][\n]"
17:27:36.222 [Forwarding newSession on session null to remote] DEBUG org.apache.http.wire - http-outgoing-0 >> "User-Agent: selenium/3.14.0 (java mac)[\r][\n]"
17:27:36.223 [Forwarding newSession on session null to remote] DEBUG org.apache.http.wire - http-outgoing-0 >> "Content-Length: 364[\r][\n]"
17:27:36.223 [Forwarding newSession on session null to remote] DEBUG org.apache.http.wire - http-outgoing-0 >> "Host: localhost:4723[\r][\n]"
17:27:36.223 [Forwarding newSession on session null to remote] DEBUG org.apache.http.wire - http-outgoing-0 >> "Connection: Keep-Alive[\r][\n]"
17:27:36.223 [Forwarding newSession on session null to remote] DEBUG org.apache.http.wire - http-outgoing-0 >> "Accept-Encoding: gzip,deflate[\r][\n]"
17:27:36.223 [Forwarding newSession on session null to remote] DEBUG org.apache.http.wire - http-outgoing-0 >> "[\r][\n]"
17:27:36.223 [Forwarding newSession on session null to remote] DEBUG org.apache.http.wire - http-outgoing-0 >> "{[\n]"
17:27:36.223 [Forwarding newSession on session null to remote] DEBUG org.apache.http.wire - http-outgoing-0 >> "  "desiredCapabilities": {[\n]"
17:27:36.223 [Forwarding newSession on session null to remote] DEBUG org.apache.http.wire - http-outgoing-0 >> "    "appActivity": ".activity.HomeActivity",[\n]"
17:27:36.223 [Forwarding newSession on session null to remote] DEBUG org.apache.http.wire - http-outgoing-0 >> "    "appPackage": "com.todoist",[\n]"
17:27:36.223 [Forwarding newSession on session null to remote] DEBUG org.apache.http.wire - http-outgoing-0 >> "    "reportDirectory": "reports",[\n]"
17:27:36.223 [Forwarding newSession on session null to remote] DEBUG org.apache.http.wire - http-outgoing-0 >> "    "reportFormat": "xml",[\n]"
17:27:36.223 [Forwarding newSession on session null to remote] DEBUG org.apache.http.wire - http-outgoing-0 >> "    "platformName": "Android",[\n]"
17:27:36.223 [Forwarding newSession on session null to remote] DEBUG org.apache.http.wire - http-outgoing-0 >> "    "udid": "3ST0219301001652",[\n]"
17:27:36.223 [Forwarding newSession on session null to remote] DEBUG org.apache.http.wire - http-outgoing-0 >> "    "testName": "Untitled"[\n]"
17:27:36.223 [Forwarding newSession on session null to remote] DEBUG org.apache.http.wire - http-outgoing-0 >> "  },[\n]"
17:27:36.223 [Forwarding newSession on session null to remote] DEBUG org.apache.http.wire - http-outgoing-0 >> "  "capabilities": {[\n]"
17:27:36.223 [Forwarding newSession on session null to remote] DEBUG org.apache.http.wire - http-outgoing-0 >> "    "firstMatch": [[\n]"
17:27:36.223 [Forwarding newSession on session null to remote] DEBUG org.apache.http.wire - http-outgoing-0 >> "      {[\n]"
17:27:36.223 [Forwarding newSession on session null to remote] DEBUG org.apache.http.wire - http-outgoing-0 >> "        "platformName": "android"[\n]"
17:27:36.223 [Forwarding newSession on session null to remote] DEBUG org.apache.http.wire - http-outgoing-0 >> "      }[\n]"
17:27:36.223 [Forwarding newSession on session null to remote] DEBUG org.apache.http.wire - http-outgoing-0 >> "    ][\n]"
17:27:36.223 [Forwarding newSession on session null to remote] DEBUG org.apache.http.wire - http-outgoing-0 >> "  }[\n]"
17:27:36.223 [Forwarding newSession on session null to remote] DEBUG org.apache.http.wire - http-outgoing-0 >> "}"
17:27:40.387 [Forwarding newSession on session null to remote] DEBUG org.apache.http.wire - http-outgoing-0 << "HTTP/1.1 200 OK[\r][\n]"
17:27:40.387 [Forwarding newSession on session null to remote] DEBUG org.apache.http.wire - http-outgoing-0 << "Server: Restlet-Framework/2.3.9[\r][\n]"
17:27:40.387 [Forwarding newSession on session null to remote] DEBUG org.apache.http.wire - http-outgoing-0 << "Date: Fri, 29 Mar 2019 09:27:40 GMT[\r][\n]"
17:27:40.387 [Forwarding newSession on session null to remote] DEBUG org.apache.http.wire - http-outgoing-0 << "Content-type: application/json; charset=UTF-8[\r][\n]"
17:27:40.387 [Forwarding newSession on session null to remote] DEBUG org.apache.http.wire - http-outgoing-0 << "Content-length: 1314[\r][\n]"
17:27:40.387 [Forwarding newSession on session null to remote] DEBUG org.apache.http.wire - http-outgoing-0 << "[\r][\n]"
17:27:40.388 [Forwarding newSession on session null to remote] DEBUG org.apache.http.headers - http-outgoing-0 << HTTP/1.1 200 OK
17:27:40.388 [Forwarding newSession on session null to remote] DEBUG org.apache.http.headers - http-outgoing-0 << Server: Restlet-Framework/2.3.9
17:27:40.388 [Forwarding newSession on session null to remote] DEBUG org.apache.http.headers - http-outgoing-0 << Date: Fri, 29 Mar 2019 09:27:40 GMT
17:27:40.388 [Forwarding newSession on session null to remote] DEBUG org.apache.http.headers - http-outgoing-0 << Content-type: application/json; charset=UTF-8
17:27:40.388 [Forwarding newSession on session null to remote] DEBUG org.apache.http.headers - http-outgoing-0 << Content-length: 1314
17:27:40.388 [Forwarding newSession on session null to remote] DEBUG org.apache.http.impl.execchain.MainClientExec - Connection can be kept alive indefinitely
17:27:40.392 [Forwarding newSession on session null to remote] DEBUG org.apache.http.wire - http-outgoing-0 << "{"sessionId":"cf8229dc-52c5-45ca-bd91-c8152ca4c22a","value":{"appPackage":"com.todoist","device.majorVersion":"9","dontGoHomeOnQuit":false,"device.os":"Android","noReset":false,"dontStopAppOnReset":false,"reservationDuration":240,"reportFormat":"xml","fullReset":false,"deviceUDID":"3ST0219301001652","install.only.for.update":false,"desired":{"appActivity":".activity.HomeActivity","appPackage":"com.todoist","reportDirectory":"reports","reportFormat":"xml","platformName":"Android","udid":"3ST0219301001652","testName":"Untitled"},"device.serialNumber":"3ST0219301001652","locationServicesAuthorized":false,"device.version":"9","reportDirectory":"reports","autoWebview":false,"platformName":"Android","udid":"3ST0219301001652","testName":"Untitled","device.screenSize":"1080x2244","useKeystore":false,"test.type":"Mobile","device.manufacture":"HUAWEI","instrumentApp":false,"appiumVersion":"1.8.0","device.category":"PHONE","autoDismissAlerts":false,"reportUrl":"/Users/TestTeam/appiumstudio-reports/reports/test804","newSessionWaitTimeout":300,"keystorePath":"~/.android/debug.keystore","appActivity":".activity.HomeActivity","waitForDeviceTimeout":120000,"device.model":"HMA-L29","device.name":"HMA-L29","autoGrantPermissions":false,"takeScreenshots":true,"projectName":"","autoAcceptAlerts":false},"status":0}"
17:27:40.392 [Forwarding newSession on session null to remote] DEBUG org.apache.http.impl.conn.PoolingHttpClientConnectionManager - Connection [id: 0][route: {}->http://localhost:4723] can be kept alive indefinitely
17:27:40.392 [Forwarding newSession on session null to remote] DEBUG org.apache.http.impl.conn.DefaultManagedHttpClientConnection - http-outgoing-0: set socket timeout to 0
17:27:40.392 [Forwarding newSession on session null to remote] DEBUG org.apache.http.impl.conn.PoolingHttpClientConnectionManager - Connection released: [id: 0][route: {}->http://localhost:4723][total kept alive: 1; route allocated: 1 of 2000; total allocated: 1 of 2000]
17:27:40.398 [Forwarding findElement on session cf8229dc-52c5-45ca-bd91-c8152ca4c22a to remote] DEBUG org.apache.http.client.protocol.RequestAddCookies - CookieSpec selected: default
17:27:40.398 [Forwarding findElement on session cf8229dc-52c5-45ca-bd91-c8152ca4c22a to remote] DEBUG org.apache.http.client.protocol.RequestAuthCache - Auth cache not set in the context
17:27:40.398 [Forwarding findElement on session cf8229dc-52c5-45ca-bd91-c8152ca4c22a to remote] DEBUG org.apache.http.impl.conn.PoolingHttpClientConnectionManager - Connection request: [route: {}->http://localhost:4723][total kept alive: 1; route allocated: 1 of 2000; total allocated: 1 of 2000]
17:27:40.398 [Forwarding findElement on session cf8229dc-52c5-45ca-bd91-c8152ca4c22a to remote] DEBUG org.apache.http.impl.conn.PoolingHttpClientConnectionManager - Connection leased: [id: 0][route: {}->http://localhost:4723][total kept alive: 0; route allocated: 1 of 2000; total allocated: 1 of 2000]
17:27:40.398 [Forwarding findElement on session cf8229dc-52c5-45ca-bd91-c8152ca4c22a to remote] DEBUG org.apache.http.impl.conn.DefaultManagedHttpClientConnection - http-outgoing-0: set socket timeout to 0
17:27:40.398 [Forwarding findElement on session cf8229dc-52c5-45ca-bd91-c8152ca4c22a to remote] DEBUG org.apache.http.impl.conn.DefaultManagedHttpClientConnection - http-outgoing-0: set socket timeout to 10800000
17:27:40.398 [Forwarding findElement on session cf8229dc-52c5-45ca-bd91-c8152ca4c22a to remote] DEBUG org.apache.http.impl.execchain.MainClientExec - Executing request POST /wd/hub/session/cf8229dc-52c5-45ca-bd91-c8152ca4c22a/element HTTP/1.1
17:27:40.398 [Forwarding findElement on session cf8229dc-52c5-45ca-bd91-c8152ca4c22a to remote] DEBUG org.apache.http.impl.execchain.MainClientExec - Target auth state: UNCHALLENGED
17:27:40.398 [Forwarding findElement on session cf8229dc-52c5-45ca-bd91-c8152ca4c22a to remote] DEBUG org.apache.http.impl.execchain.MainClientExec - Proxy auth state: UNCHALLENGED
17:27:40.398 [Forwarding findElement on session cf8229dc-52c5-45ca-bd91-c8152ca4c22a to remote] DEBUG org.apache.http.headers - http-outgoing-0 >> POST /wd/hub/session/cf8229dc-52c5-45ca-bd91-c8152ca4c22a/element HTTP/1.1
17:27:40.398 [Forwarding findElement on session cf8229dc-52c5-45ca-bd91-c8152ca4c22a to remote] DEBUG org.apache.http.headers - http-outgoing-0 >> Content-Type: application/json; charset=utf-8
17:27:40.398 [Forwarding findElement on session cf8229dc-52c5-45ca-bd91-c8152ca4c22a to remote] DEBUG org.apache.http.headers - http-outgoing-0 >> User-Agent: selenium/3.14.0 (java mac)
17:27:40.398 [Forwarding findElement on session cf8229dc-52c5-45ca-bd91-c8152ca4c22a to remote] DEBUG org.apache.http.headers - http-outgoing-0 >> Content-Length: 97
17:27:40.398 [Forwarding findElement on session cf8229dc-52c5-45ca-bd91-c8152ca4c22a to remote] DEBUG org.apache.http.headers - http-outgoing-0 >> Host: localhost:4723
17:27:40.398 [Forwarding findElement on session cf8229dc-52c5-45ca-bd91-c8152ca4c22a to remote] DEBUG org.apache.http.headers - http-outgoing-0 >> Connection: Keep-Alive
17:27:40.398 [Forwarding findElement on session cf8229dc-52c5-45ca-bd91-c8152ca4c22a to remote] DEBUG org.apache.http.headers - http-outgoing-0 >> Accept-Encoding: gzip,deflate
17:27:40.398 [Forwarding findElement on session cf8229dc-52c5-45ca-bd91-c8152ca4c22a to remote] DEBUG org.apache.http.wire - http-outgoing-0 >> "POST /wd/hub/session/cf8229dc-52c5-45ca-bd91-c8152ca4c22a/element HTTP/1.1[\r][\n]"
17:27:40.398 [Forwarding findElement on session cf8229dc-52c5-45ca-bd91-c8152ca4c22a to remote] DEBUG org.apache.http.wire - http-outgoing-0 >> "Content-Type: application/json; charset=utf-8[\r][\n]"
17:27:40.398 [Forwarding findElement on session cf8229dc-52c5-45ca-bd91-c8152ca4c22a to remote] DEBUG org.apache.http.wire - http-outgoing-0 >> "User-Agent: selenium/3.14.0 (java mac)[\r][\n]"
17:27:40.398 [Forwarding findElement on session cf8229dc-52c5-45ca-bd91-c8152ca4c22a to remote] DEBUG org.apache.http.wire - http-outgoing-0 >> "Content-Length: 97[\r][\n]"
17:27:40.398 [Forwarding findElement on session cf8229dc-52c5-45ca-bd91-c8152ca4c22a to remote] DEBUG org.apache.http.wire - http-outgoing-0 >> "Host: localhost:4723[\r][\n]"
17:27:40.398 [Forwarding findElement on session cf8229dc-52c5-45ca-bd91-c8152ca4c22a to remote] DEBUG org.apache.http.wire - http-outgoing-0 >> "Connection: Keep-Alive[\r][\n]"
17:27:40.398 [Forwarding findElement on session cf8229dc-52c5-45ca-bd91-c8152ca4c22a to remote] DEBUG org.apache.http.wire - http-outgoing-0 >> "Accept-Encoding: gzip,deflate[\r][\n]"
17:27:40.398 [Forwarding findElement on session cf8229dc-52c5-45ca-bd91-c8152ca4c22a to remote] DEBUG org.apache.http.wire - http-outgoing-0 >> "[\r][\n]"
17:27:40.398 [Forwarding findElement on session cf8229dc-52c5-45ca-bd91-c8152ca4c22a to remote] DEBUG org.apache.http.wire - http-outgoing-0 >> "{[\n]"
17:27:40.398 [Forwarding findElement on session cf8229dc-52c5-45ca-bd91-c8152ca4c22a to remote] DEBUG org.apache.http.wire - http-outgoing-0 >> "  "using": "xpath",[\n]"
17:27:40.398 [Forwarding findElement on session cf8229dc-52c5-45ca-bd91-c8152ca4c22a to remote] DEBUG org.apache.http.wire - http-outgoing-0 >> "  "value": "\u002f\u002f*[@contentDescription='Change the current view']"[\n]"
17:27:40.398 [Forwarding findElement on session cf8229dc-52c5-45ca-bd91-c8152ca4c22a to remote] DEBUG org.apache.http.wire - http-outgoing-0 >> "}"
17:27:41.604 [Forwarding findElement on session cf8229dc-52c5-45ca-bd91-c8152ca4c22a to remote] DEBUG org.apache.http.wire - http-outgoing-0 << "HTTP/1.1 404 Not Found[\r][\n]"
17:27:41.604 [Forwarding findElement on session cf8229dc-52c5-45ca-bd91-c8152ca4c22a to remote] DEBUG org.apache.http.wire - http-outgoing-0 << "Server: Restlet-Framework/2.3.9[\r][\n]"
17:27:41.604 [Forwarding findElement on session cf8229dc-52c5-45ca-bd91-c8152ca4c22a to remote] DEBUG org.apache.http.wire - http-outgoing-0 << "Date: Fri, 29 Mar 2019 09:27:41 GMT[\r][\n]"
17:27:41.604 [Forwarding findElement on session cf8229dc-52c5-45ca-bd91-c8152ca4c22a to remote] DEBUG org.apache.http.wire - http-outgoing-0 << "Content-type: application/json; charset=UTF-8[\r][\n]"
17:27:41.604 [Forwarding findElement on session cf8229dc-52c5-45ca-bd91-c8152ca4c22a to remote] DEBUG org.apache.http.wire - http-outgoing-0 << "Content-length: 243[\r][\n]"
17:27:41.604 [Forwarding findElement on session cf8229dc-52c5-45ca-bd91-c8152ca4c22a to remote] DEBUG org.apache.http.wire - http-outgoing-0 << "[\r][\n]"
17:27:41.605 [Forwarding findElement on session cf8229dc-52c5-45ca-bd91-c8152ca4c22a to remote] DEBUG org.apache.http.headers - http-outgoing-0 << HTTP/1.1 404 Not Found
17:27:41.605 [Forwarding findElement on session cf8229dc-52c5-45ca-bd91-c8152ca4c22a to remote] DEBUG org.apache.http.headers - http-outgoing-0 << Server: Restlet-Framework/2.3.9
17:27:41.605 [Forwarding findElement on session cf8229dc-52c5-45ca-bd91-c8152ca4c22a to remote] DEBUG org.apache.http.headers - http-outgoing-0 << Date: Fri, 29 Mar 2019 09:27:41 GMT
17:27:41.605 [Forwarding findElement on session cf8229dc-52c5-45ca-bd91-c8152ca4c22a to remote] DEBUG org.apache.http.headers - http-outgoing-0 << Content-type: application/json; charset=UTF-8
17:27:41.605 [Forwarding findElement on session cf8229dc-52c5-45ca-bd91-c8152ca4c22a to remote] DEBUG org.apache.http.headers - http-outgoing-0 << Content-length: 243
17:27:41.605 [Forwarding findElement on session cf8229dc-52c5-45ca-bd91-c8152ca4c22a to remote] DEBUG org.apache.http.impl.execchain.MainClientExec - Connection can be kept alive indefinitely
17:27:41.605 [Forwarding findElement on session cf8229dc-52c5-45ca-bd91-c8152ca4c22a to remote] DEBUG org.apache.http.wire - http-outgoing-0 << "{"sessionId":"cf8229dc-52c5-45ca-bd91-c8152ca4c22a","value":{"message":"no such element (An element could not be located on the page using the given search parameters (XPATH='//*[@contentDescription='Change the current view']')) "},"status":7}"
17:27:41.605 [Forwarding findElement on session cf8229dc-52c5-45ca-bd91-c8152ca4c22a to remote] DEBUG org.apache.http.impl.conn.PoolingHttpClientConnectionManager - Connection [id: 0][route: {}->http://localhost:4723] can be kept alive indefinitely
17:27:41.605 [Forwarding findElement on session cf8229dc-52c5-45ca-bd91-c8152ca4c22a to remote] DEBUG org.apache.http.impl.conn.DefaultManagedHttpClientConnection - http-outgoing-0: set socket timeout to 0
17:27:41.605 [Forwarding findElement on session cf8229dc-52c5-45ca-bd91-c8152ca4c22a to remote] DEBUG org.apache.http.impl.conn.PoolingHttpClientConnectionManager - Connection released: [id: 0][route: {}->http://localhost:4723][total kept alive: 1; route allocated: 1 of 2000; total allocated: 1 of 2000]
17:27:41.668 [Forwarding quit on session cf8229dc-52c5-45ca-bd91-c8152ca4c22a to remote] DEBUG org.apache.http.client.protocol.RequestAddCookies - CookieSpec selected: default
17:27:41.668 [Forwarding quit on session cf8229dc-52c5-45ca-bd91-c8152ca4c22a to remote] DEBUG org.apache.http.client.protocol.RequestAuthCache - Auth cache not set in the context
17:27:41.668 [Forwarding quit on session cf8229dc-52c5-45ca-bd91-c8152ca4c22a to remote] DEBUG org.apache.http.impl.conn.PoolingHttpClientConnectionManager - Connection request: [route: {}->http://localhost:4723][total kept alive: 1; route allocated: 1 of 2000; total allocated: 1 of 2000]
17:27:41.668 [Forwarding quit on session cf8229dc-52c5-45ca-bd91-c8152ca4c22a to remote] DEBUG org.apache.http.impl.conn.PoolingHttpClientConnectionManager - Connection leased: [id: 0][route: {}->http://localhost:4723][total kept alive: 0; route allocated: 1 of 2000; total allocated: 1 of 2000]
17:27:41.668 [Forwarding quit on session cf8229dc-52c5-45ca-bd91-c8152ca4c22a to remote] DEBUG org.apache.http.impl.conn.DefaultManagedHttpClientConnection - http-outgoing-0: set socket timeout to 0
17:27:41.668 [Forwarding quit on session cf8229dc-52c5-45ca-bd91-c8152ca4c22a to remote] DEBUG org.apache.http.impl.conn.DefaultManagedHttpClientConnection - http-outgoing-0: set socket timeout to 10800000
17:27:41.669 [Forwarding quit on session cf8229dc-52c5-45ca-bd91-c8152ca4c22a to remote] DEBUG org.apache.http.impl.execchain.MainClientExec - Executing request DELETE /wd/hub/session/cf8229dc-52c5-45ca-bd91-c8152ca4c22a HTTP/1.1
17:27:41.669 [Forwarding quit on session cf8229dc-52c5-45ca-bd91-c8152ca4c22a to remote] DEBUG org.apache.http.impl.execchain.MainClientExec - Target auth state: UNCHALLENGED
17:27:41.669 [Forwarding quit on session cf8229dc-52c5-45ca-bd91-c8152ca4c22a to remote] DEBUG org.apache.http.impl.execchain.MainClientExec - Proxy auth state: UNCHALLENGED
17:27:41.669 [Forwarding quit on session cf8229dc-52c5-45ca-bd91-c8152ca4c22a to remote] DEBUG org.apache.http.headers - http-outgoing-0 >> DELETE /wd/hub/session/cf8229dc-52c5-45ca-bd91-c8152ca4c22a HTTP/1.1
17:27:41.669 [Forwarding quit on session cf8229dc-52c5-45ca-bd91-c8152ca4c22a to remote] DEBUG org.apache.http.headers - http-outgoing-0 >> User-Agent: selenium/3.14.0 (java mac)
17:27:41.669 [Forwarding quit on session cf8229dc-52c5-45ca-bd91-c8152ca4c22a to remote] DEBUG org.apache.http.headers - http-outgoing-0 >> Host: localhost:4723
17:27:41.669 [Forwarding quit on session cf8229dc-52c5-45ca-bd91-c8152ca4c22a to remote] DEBUG org.apache.http.headers - http-outgoing-0 >> Connection: Keep-Alive
17:27:41.669 [Forwarding quit on session cf8229dc-52c5-45ca-bd91-c8152ca4c22a to remote] DEBUG org.apache.http.headers - http-outgoing-0 >> Accept-Encoding: gzip,deflate
17:27:41.669 [Forwarding quit on session cf8229dc-52c5-45ca-bd91-c8152ca4c22a to remote] DEBUG org.apache.http.wire - http-outgoing-0 >> "DELETE /wd/hub/session/cf8229dc-52c5-45ca-bd91-c8152ca4c22a HTTP/1.1[\r][\n]"
17:27:41.669 [Forwarding quit on session cf8229dc-52c5-45ca-bd91-c8152ca4c22a to remote] DEBUG org.apache.http.wire - http-outgoing-0 >> "User-Agent: selenium/3.14.0 (java mac)[\r][\n]"
17:27:41.669 [Forwarding quit on session cf8229dc-52c5-45ca-bd91-c8152ca4c22a to remote] DEBUG org.apache.http.wire - http-outgoing-0 >> "Host: localhost:4723[\r][\n]"
17:27:41.669 [Forwarding quit on session cf8229dc-52c5-45ca-bd91-c8152ca4c22a to remote] DEBUG org.apache.http.wire - http-outgoing-0 >> "Connection: Keep-Alive[\r][\n]"
17:27:41.669 [Forwarding quit on session cf8229dc-52c5-45ca-bd91-c8152ca4c22a to remote] DEBUG org.apache.http.wire - http-outgoing-0 >> "Accept-Encoding: gzip,deflate[\r][\n]"
17:27:41.669 [Forwarding quit on session cf8229dc-52c5-45ca-bd91-c8152ca4c22a to remote] DEBUG org.apache.http.wire - http-outgoing-0 >> "[\r][\n]"
17:27:43.433 [Forwarding quit on session cf8229dc-52c5-45ca-bd91-c8152ca4c22a to remote] DEBUG org.apache.http.wire - http-outgoing-0 << "HTTP/1.1 200 OK[\r][\n]"
17:27:43.433 [Forwarding quit on session cf8229dc-52c5-45ca-bd91-c8152ca4c22a to remote] DEBUG org.apache.http.wire - http-outgoing-0 << "Server: Restlet-Framework/2.3.9[\r][\n]"
17:27:43.433 [Forwarding quit on session cf8229dc-52c5-45ca-bd91-c8152ca4c22a to remote] DEBUG org.apache.http.wire - http-outgoing-0 << "Date: Fri, 29 Mar 2019 09:27:43 GMT[\r][\n]"
17:27:43.433 [Forwarding quit on session cf8229dc-52c5-45ca-bd91-c8152ca4c22a to remote] DEBUG org.apache.http.wire - http-outgoing-0 << "Content-type: application/json; charset=UTF-8[\r][\n]"
17:27:43.433 [Forwarding quit on session cf8229dc-52c5-45ca-bd91-c8152ca4c22a to remote] DEBUG org.apache.http.wire - http-outgoing-0 << "Content-length: 74[\r][\n]"
17:27:43.433 [Forwarding quit on session cf8229dc-52c5-45ca-bd91-c8152ca4c22a to remote] DEBUG org.apache.http.wire - http-outgoing-0 << "[\r][\n]"
17:27:43.433 [Forwarding quit on session cf8229dc-52c5-45ca-bd91-c8152ca4c22a to remote] DEBUG org.apache.http.headers - http-outgoing-0 << HTTP/1.1 200 OK
17:27:43.433 [Forwarding quit on session cf8229dc-52c5-45ca-bd91-c8152ca4c22a to remote] DEBUG org.apache.http.headers - http-outgoing-0 << Server: Restlet-Framework/2.3.9
17:27:43.433 [Forwarding quit on session cf8229dc-52c5-45ca-bd91-c8152ca4c22a to remote] DEBUG org.apache.http.headers - http-outgoing-0 << Date: Fri, 29 Mar 2019 09:27:43 GMT
17:27:43.433 [Forwarding quit on session cf8229dc-52c5-45ca-bd91-c8152ca4c22a to remote] DEBUG org.apache.http.headers - http-outgoing-0 << Content-type: application/json; charset=UTF-8
17:27:43.433 [Forwarding quit on session cf8229dc-52c5-45ca-bd91-c8152ca4c22a to remote] DEBUG org.apache.http.headers - http-outgoing-0 << Content-length: 74
17:27:43.433 [Forwarding quit on session cf8229dc-52c5-45ca-bd91-c8152ca4c22a to remote] DEBUG org.apache.http.impl.execchain.MainClientExec - Connection can be kept alive indefinitely
17:27:43.434 [Forwarding quit on session cf8229dc-52c5-45ca-bd91-c8152ca4c22a to remote] DEBUG org.apache.http.wire - http-outgoing-0 << "{"sessionId":"cf8229dc-52c5-45ca-bd91-c8152ca4c22a","value":"","status":0}"
17:27:43.434 [Forwarding quit on session cf8229dc-52c5-45ca-bd91-c8152ca4c22a to remote] DEBUG org.apache.http.impl.conn.PoolingHttpClientConnectionManager - Connection [id: 0][route: {}->http://localhost:4723] can be kept alive indefinitely
17:27:43.434 [Forwarding quit on session cf8229dc-52c5-45ca-bd91-c8152ca4c22a to remote] DEBUG org.apache.http.impl.conn.DefaultManagedHttpClientConnection - http-outgoing-0: set socket timeout to 0
17:27:43.434 [Forwarding quit on session cf8229dc-52c5-45ca-bd91-c8152ca4c22a to remote] DEBUG org.apache.http.impl.conn.PoolingHttpClientConnectionManager - Connection released: [id: 0][route: {}->http://localhost:4723][total kept alive: 1; route allocated: 1 of 2000; total allocated: 1 of 2000]
17:27:43.436 [Forwarding quit on session cf8229dc-52c5-45ca-bd91-c8152ca4c22a to remote] DEBUG org.apache.http.impl.conn.PoolingHttpClientConnectionManager - Closing connections idle longer than 0 SECONDS
17:27:43.448 [Forwarding newSession on session null to remote] DEBUG org.apache.http.client.protocol.RequestAddCookies - CookieSpec selected: default
17:27:43.449 [Forwarding newSession on session null to remote] DEBUG org.apache.http.client.protocol.RequestAuthCache - Auth cache not set in the context
17:27:43.449 [Forwarding newSession on session null to remote] DEBUG org.apache.http.impl.conn.PoolingHttpClientConnectionManager - Connection request: [route: {}->http://localhost:4723][total kept alive: 1; route allocated: 1 of 2000; total allocated: 1 of 2000]
17:27:43.449 [Forwarding newSession on session null to remote] DEBUG org.apache.http.impl.conn.PoolingHttpClientConnectionManager - Connection leased: [id: 0][route: {}->http://localhost:4723][total kept alive: 0; route allocated: 1 of 2000; total allocated: 1 of 2000]
17:27:43.449 [Forwarding newSession on session null to remote] DEBUG org.apache.http.impl.conn.DefaultManagedHttpClientConnection - http-outgoing-0: set socket timeout to 0
17:27:43.449 [Forwarding newSession on session null to remote] DEBUG org.apache.http.impl.conn.DefaultManagedHttpClientConnection - http-outgoing-0: set socket timeout to 10800000
17:27:43.449 [Forwarding newSession on session null to remote] DEBUG org.apache.http.impl.execchain.MainClientExec - Executing request POST /wd/hub/session HTTP/1.1
17:27:43.449 [Forwarding newSession on session null to remote] DEBUG org.apache.http.impl.execchain.MainClientExec - Target auth state: UNCHALLENGED
17:27:43.451 [Forwarding newSession on session null to remote] DEBUG org.apache.http.impl.execchain.MainClientExec - Proxy auth state: UNCHALLENGED
17:27:43.451 [Forwarding newSession on session null to remote] DEBUG org.apache.http.headers - http-outgoing-0 >> POST /wd/hub/session HTTP/1.1
17:27:43.451 [Forwarding newSession on session null to remote] DEBUG org.apache.http.headers - http-outgoing-0 >> Content-Type: application/json; charset=utf-8
17:27:43.451 [Forwarding newSession on session null to remote] DEBUG org.apache.http.headers - http-outgoing-0 >> User-Agent: selenium/3.14.0 (java mac)
17:27:43.451 [Forwarding newSession on session null to remote] DEBUG org.apache.http.headers - http-outgoing-0 >> Content-Length: 364
17:27:43.451 [Forwarding newSession on session null to remote] DEBUG org.apache.http.headers - http-outgoing-0 >> Host: localhost:4723
17:27:43.451 [Forwarding newSession on session null to remote] DEBUG org.apache.http.headers - http-outgoing-0 >> Connection: Keep-Alive
17:27:43.451 [Forwarding newSession on session null to remote] DEBUG org.apache.http.headers - http-outgoing-0 >> Accept-Encoding: gzip,deflate
17:27:43.451 [Forwarding newSession on session null to remote] DEBUG org.apache.http.wire - http-outgoing-0 >> "POST /wd/hub/session HTTP/1.1[\r][\n]"
17:27:43.451 [Forwarding newSession on session null to remote] DEBUG org.apache.http.wire - http-outgoing-0 >> "Content-Type: application/json; charset=utf-8[\r][\n]"
17:27:43.452 [Forwarding newSession on session null to remote] DEBUG org.apache.http.wire - http-outgoing-0 >> "User-Agent: selenium/3.14.0 (java mac)[\r][\n]"
17:27:43.452 [Forwarding newSession on session null to remote] DEBUG org.apache.http.wire - http-outgoing-0 >> "Content-Length: 364[\r][\n]"
17:27:43.452 [Forwarding newSession on session null to remote] DEBUG org.apache.http.wire - http-outgoing-0 >> "Host: localhost:4723[\r][\n]"
17:27:43.452 [Forwarding newSession on session null to remote] DEBUG org.apache.http.wire - http-outgoing-0 >> "Connection: Keep-Alive[\r][\n]"
17:27:43.452 [Forwarding newSession on session null to remote] DEBUG org.apache.http.wire - http-outgoing-0 >> "Accept-Encoding: gzip,deflate[\r][\n]"
17:27:43.452 [Forwarding newSession on session null to remote] DEBUG org.apache.http.wire - http-outgoing-0 >> "[\r][\n]"
17:27:43.452 [Forwarding newSession on session null to remote] DEBUG org.apache.http.wire - http-outgoing-0 >> "{[\n]"
17:27:43.452 [Forwarding newSession on session null to remote] DEBUG org.apache.http.wire - http-outgoing-0 >> "  "desiredCapabilities": {[\n]"
17:27:43.452 [Forwarding newSession on session null to remote] DEBUG org.apache.http.wire - http-outgoing-0 >> "    "appActivity": ".activity.HomeActivity",[\n]"
17:27:43.452 [Forwarding newSession on session null to remote] DEBUG org.apache.http.wire - http-outgoing-0 >> "    "appPackage": "com.todoist",[\n]"
17:27:43.452 [Forwarding newSession on session null to remote] DEBUG org.apache.http.wire - http-outgoing-0 >> "    "reportDirectory": "reports",[\n]"
17:27:43.452 [Forwarding newSession on session null to remote] DEBUG org.apache.http.wire - http-outgoing-0 >> "    "reportFormat": "xml",[\n]"
17:27:43.452 [Forwarding newSession on session null to remote] DEBUG org.apache.http.wire - http-outgoing-0 >> "    "platformName": "Android",[\n]"
17:27:43.452 [Forwarding newSession on session null to remote] DEBUG org.apache.http.wire - http-outgoing-0 >> "    "udid": "3ST0219301001652",[\n]"
17:27:43.452 [Forwarding newSession on session null to remote] DEBUG org.apache.http.wire - http-outgoing-0 >> "    "testName": "Untitled"[\n]"
17:27:43.452 [Forwarding newSession on session null to remote] DEBUG org.apache.http.wire - http-outgoing-0 >> "  },[\n]"
17:27:43.452 [Forwarding newSession on session null to remote] DEBUG org.apache.http.wire - http-outgoing-0 >> "  "capabilities": {[\n]"
17:27:43.452 [Forwarding newSession on session null to remote] DEBUG org.apache.http.wire - http-outgoing-0 >> "    "firstMatch": [[\n]"
17:27:43.452 [Forwarding newSession on session null to remote] DEBUG org.apache.http.wire - http-outgoing-0 >> "      {[\n]"
17:27:43.452 [Forwarding newSession on session null to remote] DEBUG org.apache.http.wire - http-outgoing-0 >> "        "platformName": "android"[\n]"
17:27:43.452 [Forwarding newSession on session null to remote] DEBUG org.apache.http.wire - http-outgoing-0 >> "      }[\n]"
17:27:43.452 [Forwarding newSession on session null to remote] DEBUG org.apache.http.wire - http-outgoing-0 >> "    ][\n]"
17:27:43.452 [Forwarding newSession on session null to remote] DEBUG org.apache.http.wire - http-outgoing-0 >> "  }[\n]"
17:27:43.452 [Forwarding newSession on session null to remote] DEBUG org.apache.http.wire - http-outgoing-0 >> "}"
17:27:47.265 [Forwarding newSession on session null to remote] DEBUG org.apache.http.wire - http-outgoing-0 << "HTTP/1.1 200 OK[\r][\n]"
17:27:47.265 [Forwarding newSession on session null to remote] DEBUG org.apache.http.wire - http-outgoing-0 << "Server: Restlet-Framework/2.3.9[\r][\n]"
17:27:47.265 [Forwarding newSession on session null to remote] DEBUG org.apache.http.wire - http-outgoing-0 << "Date: Fri, 29 Mar 2019 09:27:47 GMT[\r][\n]"
17:27:47.265 [Forwarding newSession on session null to remote] DEBUG org.apache.http.wire - http-outgoing-0 << "Content-type: application/json; charset=UTF-8[\r][\n]"
17:27:47.265 [Forwarding newSession on session null to remote] DEBUG org.apache.http.wire - http-outgoing-0 << "Content-length: 1314[\r][\n]"
17:27:47.265 [Forwarding newSession on session null to remote] DEBUG org.apache.http.wire - http-outgoing-0 << "[\r][\n]"
17:27:47.266 [Forwarding newSession on session null to remote] DEBUG org.apache.http.headers - http-outgoing-0 << HTTP/1.1 200 OK
17:27:47.266 [Forwarding newSession on session null to remote] DEBUG org.apache.http.headers - http-outgoing-0 << Server: Restlet-Framework/2.3.9
17:27:47.266 [Forwarding newSession on session null to remote] DEBUG org.apache.http.headers - http-outgoing-0 << Date: Fri, 29 Mar 2019 09:27:47 GMT
17:27:47.266 [Forwarding newSession on session null to remote] DEBUG org.apache.http.headers - http-outgoing-0 << Content-type: application/json; charset=UTF-8
17:27:47.266 [Forwarding newSession on session null to remote] DEBUG org.apache.http.headers - http-outgoing-0 << Content-length: 1314
17:27:47.266 [Forwarding newSession on session null to remote] DEBUG org.apache.http.impl.execchain.MainClientExec - Connection can be kept alive indefinitely
17:27:47.266 [Forwarding newSession on session null to remote] DEBUG org.apache.http.wire - http-outgoing-0 << "{"sessionId":"0069878b-50ec-4e43-b4f9-a69fdb911d7a","value":{"appPackage":"com.todoist","device.majorVersion":"9","dontGoHomeOnQuit":false,"device.os":"Android","noReset":false,"dontStopAppOnReset":false,"reservationDuration":240,"reportFormat":"xml","fullReset":false,"deviceUDID":"3ST0219301001652","install.only.for.update":false,"desired":{"appActivity":".activity.HomeActivity","appPackage":"com.todoist","reportDirectory":"reports","reportFormat":"xml","platformName":"Android","udid":"3ST0219301001652","testName":"Untitled"},"device.serialNumber":"3ST0219301001652","locationServicesAuthorized":false,"device.version":"9","reportDirectory":"reports","autoWebview":false,"platformName":"Android","udid":"3ST0219301001652","testName":"Untitled","device.screenSize":"1080x2244","useKeystore":false,"test.type":"Mobile","device.manufacture":"HUAWEI","instrumentApp":false,"appiumVersion":"1.8.0","device.category":"PHONE","autoDismissAlerts":false,"reportUrl":"/Users/TestTeam/appiumstudio-reports/reports/test805","newSessionWaitTimeout":300,"keystorePath":"~/.android/debug.keystore","appActivity":".activity.HomeActivity","waitForDeviceTimeout":120000,"device.model":"HMA-L29","device.name":"HMA-L29","autoGrantPermissions":false,"takeScreenshots":true,"projectName":"","autoAcceptAlerts":false},"status":0}"
17:27:47.267 [Forwarding newSession on session null to remote] DEBUG org.apache.http.impl.conn.PoolingHttpClientConnectionManager - Connection [id: 0][route: {}->http://localhost:4723] can be kept alive indefinitely
17:27:47.267 [Forwarding newSession on session null to remote] DEBUG org.apache.http.impl.conn.DefaultManagedHttpClientConnection - http-outgoing-0: set socket timeout to 0
17:27:47.267 [Forwarding newSession on session null to remote] DEBUG org.apache.http.impl.conn.PoolingHttpClientConnectionManager - Connection released: [id: 0][route: {}->http://localhost:4723][total kept alive: 1; route allocated: 1 of 2000; total allocated: 1 of 2000]
17:27:47.276 [Forwarding findElement on session 0069878b-50ec-4e43-b4f9-a69fdb911d7a to remote] DEBUG org.apache.http.client.protocol.RequestAddCookies - CookieSpec selected: default
17:27:47.276 [Forwarding findElement on session 0069878b-50ec-4e43-b4f9-a69fdb911d7a to remote] DEBUG org.apache.http.client.protocol.RequestAuthCache - Auth cache not set in the context
17:27:47.276 [Forwarding findElement on session 0069878b-50ec-4e43-b4f9-a69fdb911d7a to remote] DEBUG org.apache.http.impl.conn.PoolingHttpClientConnectionManager - Connection request: [route: {}->http://localhost:4723][total kept alive: 1; route allocated: 1 of 2000; total allocated: 1 of 2000]
17:27:47.276 [Forwarding findElement on session 0069878b-50ec-4e43-b4f9-a69fdb911d7a to remote] DEBUG org.apache.http.impl.conn.PoolingHttpClientConnectionManager - Connection leased: [id: 0][route: {}->http://localhost:4723][total kept alive: 0; route allocated: 1 of 2000; total allocated: 1 of 2000]
17:27:47.276 [Forwarding findElement on session 0069878b-50ec-4e43-b4f9-a69fdb911d7a to remote] DEBUG org.apache.http.impl.conn.DefaultManagedHttpClientConnection - http-outgoing-0: set socket timeout to 0
17:27:47.276 [Forwarding findElement on session 0069878b-50ec-4e43-b4f9-a69fdb911d7a to remote] DEBUG org.apache.http.impl.conn.DefaultManagedHttpClientConnection - http-outgoing-0: set socket timeout to 10800000
17:27:47.276 [Forwarding findElement on session 0069878b-50ec-4e43-b4f9-a69fdb911d7a to remote] DEBUG org.apache.http.impl.execchain.MainClientExec - Executing request POST /wd/hub/session/0069878b-50ec-4e43-b4f9-a69fdb911d7a/element HTTP/1.1
17:27:47.276 [Forwarding findElement on session 0069878b-50ec-4e43-b4f9-a69fdb911d7a to remote] DEBUG org.apache.http.impl.execchain.MainClientExec - Target auth state: UNCHALLENGED
17:27:47.276 [Forwarding findElement on session 0069878b-50ec-4e43-b4f9-a69fdb911d7a to remote] DEBUG org.apache.http.impl.execchain.MainClientExec - Proxy auth state: UNCHALLENGED
17:27:47.276 [Forwarding findElement on session 0069878b-50ec-4e43-b4f9-a69fdb911d7a to remote] DEBUG org.apache.http.headers - http-outgoing-0 >> POST /wd/hub/session/0069878b-50ec-4e43-b4f9-a69fdb911d7a/element HTTP/1.1
17:27:47.276 [Forwarding findElement on session 0069878b-50ec-4e43-b4f9-a69fdb911d7a to remote] DEBUG org.apache.http.headers - http-outgoing-0 >> Content-Type: application/json; charset=utf-8
17:27:47.276 [Forwarding findElement on session 0069878b-50ec-4e43-b4f9-a69fdb911d7a to remote] DEBUG org.apache.http.headers - http-outgoing-0 >> User-Agent: selenium/3.14.0 (java mac)
17:27:47.276 [Forwarding findElement on session 0069878b-50ec-4e43-b4f9-a69fdb911d7a to remote] DEBUG org.apache.http.headers - http-outgoing-0 >> Content-Length: 79
17:27:47.276 [Forwarding findElement on session 0069878b-50ec-4e43-b4f9-a69fdb911d7a to remote] DEBUG org.apache.http.headers - http-outgoing-0 >> Host: localhost:4723
17:27:47.276 [Forwarding findElement on session 0069878b-50ec-4e43-b4f9-a69fdb911d7a to remote] DEBUG org.apache.http.headers - http-outgoing-0 >> Connection: Keep-Alive
17:27:47.276 [Forwarding findElement on session 0069878b-50ec-4e43-b4f9-a69fdb911d7a to remote] DEBUG org.apache.http.headers - http-outgoing-0 >> Accept-Encoding: gzip,deflate
17:27:47.276 [Forwarding findElement on session 0069878b-50ec-4e43-b4f9-a69fdb911d7a to remote] DEBUG org.apache.http.wire - http-outgoing-0 >> "POST /wd/hub/session/0069878b-50ec-4e43-b4f9-a69fdb911d7a/element HTTP/1.1[\r][\n]"
17:27:47.276 [Forwarding findElement on session 0069878b-50ec-4e43-b4f9-a69fdb911d7a to remote] DEBUG org.apache.http.wire - http-outgoing-0 >> "Content-Type: application/json; charset=utf-8[\r][\n]"
17:27:47.276 [Forwarding findElement on session 0069878b-50ec-4e43-b4f9-a69fdb911d7a to remote] DEBUG org.apache.http.wire - http-outgoing-0 >> "User-Agent: selenium/3.14.0 (java mac)[\r][\n]"
17:27:47.276 [Forwarding findElement on session 0069878b-50ec-4e43-b4f9-a69fdb911d7a to remote] DEBUG org.apache.http.wire - http-outgoing-0 >> "Content-Length: 79[\r][\n]"
17:27:47.276 [Forwarding findElement on session 0069878b-50ec-4e43-b4f9-a69fdb911d7a to remote] DEBUG org.apache.http.wire - http-outgoing-0 >> "Host: localhost:4723[\r][\n]"
17:27:47.276 [Forwarding findElement on session 0069878b-50ec-4e43-b4f9-a69fdb911d7a to remote] DEBUG org.apache.http.wire - http-outgoing-0 >> "Connection: Keep-Alive[\r][\n]"
17:27:47.276 [Forwarding findElement on session 0069878b-50ec-4e43-b4f9-a69fdb911d7a to remote] DEBUG org.apache.http.wire - http-outgoing-0 >> "Accept-Encoding: gzip,deflate[\r][\n]"
17:27:47.277 [Forwarding findElement on session 0069878b-50ec-4e43-b4f9-a69fdb911d7a to remote] DEBUG org.apache.http.wire - http-outgoing-0 >> "[\r][\n]"
17:27:47.277 [Forwarding findElement on session 0069878b-50ec-4e43-b4f9-a69fdb911d7a to remote] DEBUG org.apache.http.wire - http-outgoing-0 >> "{[\n]"
17:27:47.277 [Forwarding findElement on session 0069878b-50ec-4e43-b4f9-a69fdb911d7a to remote] DEBUG org.apache.http.wire - http-outgoing-0 >> "  "using": "xpath",[\n]"
17:27:47.277 [Forwarding findElement on session 0069878b-50ec-4e43-b4f9-a69fdb911d7a to remote] DEBUG org.apache.http.wire - http-outgoing-0 >> "  "value": "\u002f\u002f*[@text='Continue with email']"[\n]"
17:27:47.277 [Forwarding findElement on session 0069878b-50ec-4e43-b4f9-a69fdb911d7a to remote] DEBUG org.apache.http.wire - http-outgoing-0 >> "}"
17:27:48.055 [Forwarding findElement on session 0069878b-50ec-4e43-b4f9-a69fdb911d7a to remote] DEBUG org.apache.http.wire - http-outgoing-0 << "HTTP/1.1 200 OK[\r][\n]"
17:27:48.055 [Forwarding findElement on session 0069878b-50ec-4e43-b4f9-a69fdb911d7a to remote] DEBUG org.apache.http.wire - http-outgoing-0 << "Server: Restlet-Framework/2.3.9[\r][\n]"
17:27:48.055 [Forwarding findElement on session 0069878b-50ec-4e43-b4f9-a69fdb911d7a to remote] DEBUG org.apache.http.wire - http-outgoing-0 << "Date: Fri, 29 Mar 2019 09:27:48 GMT[\r][\n]"
17:27:48.055 [Forwarding findElement on session 0069878b-50ec-4e43-b4f9-a69fdb911d7a to remote] DEBUG org.apache.http.wire - http-outgoing-0 << "Content-type: application/json; charset=UTF-8[\r][\n]"
17:27:48.055 [Forwarding findElement on session 0069878b-50ec-4e43-b4f9-a69fdb911d7a to remote] DEBUG org.apache.http.wire - http-outgoing-0 << "Content-length: 88[\r][\n]"
17:27:48.055 [Forwarding findElement on session 0069878b-50ec-4e43-b4f9-a69fdb911d7a to remote] DEBUG org.apache.http.wire - http-outgoing-0 << "[\r][\n]"
17:27:48.055 [Forwarding findElement on session 0069878b-50ec-4e43-b4f9-a69fdb911d7a to remote] DEBUG org.apache.http.wire - http-outgoing-0 << "{"sessionId":"0069878b-50ec-4e43-b4f9-a69fdb911d7a","value":{"ELEMENT":"24"},"status":0}"
17:27:48.055 [Forwarding findElement on session 0069878b-50ec-4e43-b4f9-a69fdb911d7a to remote] DEBUG org.apache.http.headers - http-outgoing-0 << HTTP/1.1 200 OK
17:27:48.055 [Forwarding findElement on session 0069878b-50ec-4e43-b4f9-a69fdb911d7a to remote] DEBUG org.apache.http.headers - http-outgoing-0 << Server: Restlet-Framework/2.3.9
17:27:48.055 [Forwarding findElement on session 0069878b-50ec-4e43-b4f9-a69fdb911d7a to remote] DEBUG org.apache.http.headers - http-outgoing-0 << Date: Fri, 29 Mar 2019 09:27:48 GMT
17:27:48.055 [Forwarding findElement on session 0069878b-50ec-4e43-b4f9-a69fdb911d7a to remote] DEBUG org.apache.http.headers - http-outgoing-0 << Content-type: application/json; charset=UTF-8
17:27:48.055 [Forwarding findElement on session 0069878b-50ec-4e43-b4f9-a69fdb911d7a to remote] DEBUG org.apache.http.headers - http-outgoing-0 << Content-length: 88
17:27:48.056 [Forwarding findElement on session 0069878b-50ec-4e43-b4f9-a69fdb911d7a to remote] DEBUG org.apache.http.impl.execchain.MainClientExec - Connection can be kept alive indefinitely
17:27:48.057 [Forwarding findElement on session 0069878b-50ec-4e43-b4f9-a69fdb911d7a to remote] DEBUG org.apache.http.impl.conn.PoolingHttpClientConnectionManager - Connection [id: 0][route: {}->http://localhost:4723] can be kept alive indefinitely
17:27:48.057 [Forwarding findElement on session 0069878b-50ec-4e43-b4f9-a69fdb911d7a to remote] DEBUG org.apache.http.impl.conn.DefaultManagedHttpClientConnection - http-outgoing-0: set socket timeout to 0
17:27:48.057 [Forwarding findElement on session 0069878b-50ec-4e43-b4f9-a69fdb911d7a to remote] DEBUG org.apache.http.impl.conn.PoolingHttpClientConnectionManager - Connection released: [id: 0][route: {}->http://localhost:4723][total kept alive: 1; route allocated: 1 of 2000; total allocated: 1 of 2000]
17:27:48.066 [Forwarding getSession on session 0069878b-50ec-4e43-b4f9-a69fdb911d7a to remote] DEBUG org.apache.http.client.protocol.RequestAddCookies - CookieSpec selected: default
17:27:48.066 [Forwarding getSession on session 0069878b-50ec-4e43-b4f9-a69fdb911d7a to remote] DEBUG org.apache.http.client.protocol.RequestAuthCache - Auth cache not set in the context
17:27:48.066 [Forwarding getSession on session 0069878b-50ec-4e43-b4f9-a69fdb911d7a to remote] DEBUG org.apache.http.impl.conn.PoolingHttpClientConnectionManager - Connection request: [route: {}->http://localhost:4723][total kept alive: 1; route allocated: 1 of 2000; total allocated: 1 of 2000]
17:27:48.066 [Forwarding getSession on session 0069878b-50ec-4e43-b4f9-a69fdb911d7a to remote] DEBUG org.apache.http.impl.conn.PoolingHttpClientConnectionManager - Connection leased: [id: 0][route: {}->http://localhost:4723][total kept alive: 0; route allocated: 1 of 2000; total allocated: 1 of 2000]
17:27:48.066 [Forwarding getSession on session 0069878b-50ec-4e43-b4f9-a69fdb911d7a to remote] DEBUG org.apache.http.impl.conn.DefaultManagedHttpClientConnection - http-outgoing-0: set socket timeout to 0
17:27:48.066 [Forwarding getSession on session 0069878b-50ec-4e43-b4f9-a69fdb911d7a to remote] DEBUG org.apache.http.impl.conn.DefaultManagedHttpClientConnection - http-outgoing-0: set socket timeout to 10800000
17:27:48.066 [Forwarding getSession on session 0069878b-50ec-4e43-b4f9-a69fdb911d7a to remote] DEBUG org.apache.http.impl.execchain.MainClientExec - Executing request GET /wd/hub/session/0069878b-50ec-4e43-b4f9-a69fdb911d7a HTTP/1.1
17:27:48.066 [Forwarding getSession on session 0069878b-50ec-4e43-b4f9-a69fdb911d7a to remote] DEBUG org.apache.http.impl.execchain.MainClientExec - Target auth state: UNCHALLENGED
17:27:48.066 [Forwarding getSession on session 0069878b-50ec-4e43-b4f9-a69fdb911d7a to remote] DEBUG org.apache.http.impl.execchain.MainClientExec - Proxy auth state: UNCHALLENGED
17:27:48.067 [Forwarding getSession on session 0069878b-50ec-4e43-b4f9-a69fdb911d7a to remote] DEBUG org.apache.http.headers - http-outgoing-0 >> GET /wd/hub/session/0069878b-50ec-4e43-b4f9-a69fdb911d7a HTTP/1.1
17:27:48.067 [Forwarding getSession on session 0069878b-50ec-4e43-b4f9-a69fdb911d7a to remote] DEBUG org.apache.http.headers - http-outgoing-0 >> Cache-Control: no-cache
17:27:48.067 [Forwarding getSession on session 0069878b-50ec-4e43-b4f9-a69fdb911d7a to remote] DEBUG org.apache.http.headers - http-outgoing-0 >> User-Agent: selenium/3.14.0 (java mac)
17:27:48.067 [Forwarding getSession on session 0069878b-50ec-4e43-b4f9-a69fdb911d7a to remote] DEBUG org.apache.http.headers - http-outgoing-0 >> Host: localhost:4723
17:27:48.067 [Forwarding getSession on session 0069878b-50ec-4e43-b4f9-a69fdb911d7a to remote] DEBUG org.apache.http.headers - http-outgoing-0 >> Connection: Keep-Alive
17:27:48.067 [Forwarding getSession on session 0069878b-50ec-4e43-b4f9-a69fdb911d7a to remote] DEBUG org.apache.http.headers - http-outgoing-0 >> Accept-Encoding: gzip,deflate
17:27:48.067 [Forwarding getSession on session 0069878b-50ec-4e43-b4f9-a69fdb911d7a to remote] DEBUG org.apache.http.wire - http-outgoing-0 >> "GET /wd/hub/session/0069878b-50ec-4e43-b4f9-a69fdb911d7a HTTP/1.1[\r][\n]"
17:27:48.067 [Forwarding getSession on session 0069878b-50ec-4e43-b4f9-a69fdb911d7a to remote] DEBUG org.apache.http.wire - http-outgoing-0 >> "Cache-Control: no-cache[\r][\n]"
17:27:48.067 [Forwarding getSession on session 0069878b-50ec-4e43-b4f9-a69fdb911d7a to remote] DEBUG org.apache.http.wire - http-outgoing-0 >> "User-Agent: selenium/3.14.0 (java mac)[\r][\n]"
17:27:48.067 [Forwarding getSession on session 0069878b-50ec-4e43-b4f9-a69fdb911d7a to remote] DEBUG org.apache.http.wire - http-outgoing-0 >> "Host: localhost:4723[\r][\n]"
17:27:48.067 [Forwarding getSession on session 0069878b-50ec-4e43-b4f9-a69fdb911d7a to remote] DEBUG org.apache.http.wire - http-outgoing-0 >> "Connection: Keep-Alive[\r][\n]"
17:27:48.067 [Forwarding getSession on session 0069878b-50ec-4e43-b4f9-a69fdb911d7a to remote] DEBUG org.apache.http.wire - http-outgoing-0 >> "Accept-Encoding: gzip,deflate[\r][\n]"
17:27:48.067 [Forwarding getSession on session 0069878b-50ec-4e43-b4f9-a69fdb911d7a to remote] DEBUG org.apache.http.wire - http-outgoing-0 >> "[\r][\n]"
17:27:48.073 [Forwarding getSession on session 0069878b-50ec-4e43-b4f9-a69fdb911d7a to remote] DEBUG org.apache.http.wire - http-outgoing-0 << "HTTP/1.1 200 OK[\r][\n]"
17:27:48.073 [Forwarding getSession on session 0069878b-50ec-4e43-b4f9-a69fdb911d7a to remote] DEBUG org.apache.http.wire - http-outgoing-0 << "Server: Restlet-Framework/2.3.9[\r][\n]"
17:27:48.073 [Forwarding getSession on session 0069878b-50ec-4e43-b4f9-a69fdb911d7a to remote] DEBUG org.apache.http.wire - http-outgoing-0 << "Date: Fri, 29 Mar 2019 09:27:48 GMT[\r][\n]"
17:27:48.073 [Forwarding getSession on session 0069878b-50ec-4e43-b4f9-a69fdb911d7a to remote] DEBUG org.apache.http.wire - http-outgoing-0 << "Content-type: application/json; charset=UTF-8[\r][\n]"
17:27:48.073 [Forwarding getSession on session 0069878b-50ec-4e43-b4f9-a69fdb911d7a to remote] DEBUG org.apache.http.wire - http-outgoing-0 << "Content-length: 1314[\r][\n]"
17:27:48.073 [Forwarding getSession on session 0069878b-50ec-4e43-b4f9-a69fdb911d7a to remote] DEBUG org.apache.http.wire - http-outgoing-0 << "[\r][\n]"
17:27:48.073 [Forwarding getSession on session 0069878b-50ec-4e43-b4f9-a69fdb911d7a to remote] DEBUG org.apache.http.wire - http-outgoing-0 << "{"sessionId":"0069878b-50ec-4e43-b4f9-a69fdb911d7a","value":{"appPackage":"com.todoist","device.majorVersion":"9","dontGoHomeOnQuit":false,"device.os":"Android","noReset":false,"dontStopAppOnReset":false,"reservationDuration":240,"reportFormat":"xml","fullReset":false,"deviceUDID":"3ST0219301001652","install.only.for.update":false,"desired":{"appActivity":".activity.HomeActivity","appPackage":"com.todoist","reportDirectory":"reports","reportFormat":"xml","platformName":"Android","udid":"3ST0219301001652","testName":"Untitled"},"device.serialNumber":"3ST0219301001652","locationServicesAuthorized":false,"device.version":"9","reportDirectory":"reports","autoWebview":false,"platformName":"Android","udid":"3ST0219301001652","testName":"Untitled","device.screenSize":"1080x2244","useKeystore":false,"test.type":"Mobile","device.manufacture":"HUAWEI","instrumentApp":false,"appiumVersion":"1.8.0","device.category":"PHONE","autoDismissAlerts":false,"reportUrl":"/Users/TestTeam/appiumstudio-reports/reports/test805","newSessionWaitTimeout":300,"keystorePath":"~/.android/debug.keystore","appActivity":".activity.HomeActivity","waitForDeviceTimeout":120000,"device.model":"HMA-L29","device.name":"HMA-L29","autoGrantPermissions":false,"takeScreenshots":true,"projectName":"","autoAcceptAlerts":false},"status":0}"
17:27:48.073 [Forwarding getSession on session 0069878b-50ec-4e43-b4f9-a69fdb911d7a to remote] DEBUG org.apache.http.headers - http-outgoing-0 << HTTP/1.1 200 OK
17:27:48.073 [Forwarding getSession on session 0069878b-50ec-4e43-b4f9-a69fdb911d7a to remote] DEBUG org.apache.http.headers - http-outgoing-0 << Server: Restlet-Framework/2.3.9
17:27:48.073 [Forwarding getSession on session 0069878b-50ec-4e43-b4f9-a69fdb911d7a to remote] DEBUG org.apache.http.headers - http-outgoing-0 << Date: Fri, 29 Mar 2019 09:27:48 GMT
17:27:48.073 [Forwarding getSession on session 0069878b-50ec-4e43-b4f9-a69fdb911d7a to remote] DEBUG org.apache.http.headers - http-outgoing-0 << Content-type: application/json; charset=UTF-8
17:27:48.073 [Forwarding getSession on session 0069878b-50ec-4e43-b4f9-a69fdb911d7a to remote] DEBUG org.apache.http.headers - http-outgoing-0 << Content-length: 1314
17:27:48.073 [Forwarding getSession on session 0069878b-50ec-4e43-b4f9-a69fdb911d7a to remote] DEBUG org.apache.http.impl.execchain.MainClientExec - Connection can be kept alive indefinitely
17:27:48.074 [Forwarding getSession on session 0069878b-50ec-4e43-b4f9-a69fdb911d7a to remote] DEBUG org.apache.http.impl.conn.PoolingHttpClientConnectionManager - Connection [id: 0][route: {}->http://localhost:4723] can be kept alive indefinitely
17:27:48.074 [Forwarding getSession on session 0069878b-50ec-4e43-b4f9-a69fdb911d7a to remote] DEBUG org.apache.http.impl.conn.DefaultManagedHttpClientConnection - http-outgoing-0: set socket timeout to 0
17:27:48.074 [Forwarding getSession on session 0069878b-50ec-4e43-b4f9-a69fdb911d7a to remote] DEBUG org.apache.http.impl.conn.PoolingHttpClientConnectionManager - Connection released: [id: 0][route: {}->http://localhost:4723][total kept alive: 1; route allocated: 1 of 2000; total allocated: 1 of 2000]
17:27:48.084 [Forwarding getSession on session 0069878b-50ec-4e43-b4f9-a69fdb911d7a to remote] DEBUG org.apache.http.client.protocol.RequestAddCookies - CookieSpec selected: default
17:27:48.084 [Forwarding getSession on session 0069878b-50ec-4e43-b4f9-a69fdb911d7a to remote] DEBUG org.apache.http.client.protocol.RequestAuthCache - Auth cache not set in the context
17:27:48.084 [Forwarding getSession on session 0069878b-50ec-4e43-b4f9-a69fdb911d7a to remote] DEBUG org.apache.http.impl.conn.PoolingHttpClientConnectionManager - Connection request: [route: {}->http://localhost:4723][total kept alive: 1; route allocated: 1 of 2000; total allocated: 1 of 2000]
17:27:48.084 [Forwarding getSession on session 0069878b-50ec-4e43-b4f9-a69fdb911d7a to remote] DEBUG org.apache.http.impl.conn.PoolingHttpClientConnectionManager - Connection leased: [id: 0][route: {}->http://localhost:4723][total kept alive: 0; route allocated: 1 of 2000; total allocated: 1 of 2000]
17:27:48.085 [Forwarding getSession on session 0069878b-50ec-4e43-b4f9-a69fdb911d7a to remote] DEBUG org.apache.http.impl.conn.DefaultManagedHttpClientConnection - http-outgoing-0: set socket timeout to 0
17:27:48.085 [Forwarding getSession on session 0069878b-50ec-4e43-b4f9-a69fdb911d7a to remote] DEBUG org.apache.http.impl.conn.DefaultManagedHttpClientConnection - http-outgoing-0: set socket timeout to 10800000
17:27:48.085 [Forwarding getSession on session 0069878b-50ec-4e43-b4f9-a69fdb911d7a to remote] DEBUG org.apache.http.impl.execchain.MainClientExec - Executing request GET /wd/hub/session/0069878b-50ec-4e43-b4f9-a69fdb911d7a HTTP/1.1
17:27:48.085 [Forwarding getSession on session 0069878b-50ec-4e43-b4f9-a69fdb911d7a to remote] DEBUG org.apache.http.impl.execchain.MainClientExec - Target auth state: UNCHALLENGED
17:27:48.085 [Forwarding getSession on session 0069878b-50ec-4e43-b4f9-a69fdb911d7a to remote] DEBUG org.apache.http.impl.execchain.MainClientExec - Proxy auth state: UNCHALLENGED
17:27:48.085 [Forwarding getSession on session 0069878b-50ec-4e43-b4f9-a69fdb911d7a to remote] DEBUG org.apache.http.headers - http-outgoing-0 >> GET /wd/hub/session/0069878b-50ec-4e43-b4f9-a69fdb911d7a HTTP/1.1
17:27:48.085 [Forwarding getSession on session 0069878b-50ec-4e43-b4f9-a69fdb911d7a to remote] DEBUG org.apache.http.headers - http-outgoing-0 >> Cache-Control: no-cache
17:27:48.085 [Forwarding getSession on session 0069878b-50ec-4e43-b4f9-a69fdb911d7a to remote] DEBUG org.apache.http.headers - http-outgoing-0 >> User-Agent: selenium/3.14.0 (java mac)
17:27:48.085 [Forwarding getSession on session 0069878b-50ec-4e43-b4f9-a69fdb911d7a to remote] DEBUG org.apache.http.headers - http-outgoing-0 >> Host: localhost:4723
17:27:48.085 [Forwarding getSession on session 0069878b-50ec-4e43-b4f9-a69fdb911d7a to remote] DEBUG org.apache.http.headers - http-outgoing-0 >> Connection: Keep-Alive
17:27:48.085 [Forwarding getSession on session 0069878b-50ec-4e43-b4f9-a69fdb911d7a to remote] DEBUG org.apache.http.headers - http-outgoing-0 >> Accept-Encoding: gzip,deflate
17:27:48.085 [Forwarding getSession on session 0069878b-50ec-4e43-b4f9-a69fdb911d7a to remote] DEBUG org.apache.http.wire - http-outgoing-0 >> "GET /wd/hub/session/0069878b-50ec-4e43-b4f9-a69fdb911d7a HTTP/1.1[\r][\n]"
17:27:48.085 [Forwarding getSession on session 0069878b-50ec-4e43-b4f9-a69fdb911d7a to remote] DEBUG org.apache.http.wire - http-outgoing-0 >> "Cache-Control: no-cache[\r][\n]"
17:27:48.085 [Forwarding getSession on session 0069878b-50ec-4e43-b4f9-a69fdb911d7a to remote] DEBUG org.apache.http.wire - http-outgoing-0 >> "User-Agent: selenium/3.14.0 (java mac)[\r][\n]"
17:27:48.085 [Forwarding getSession on session 0069878b-50ec-4e43-b4f9-a69fdb911d7a to remote] DEBUG org.apache.http.wire - http-outgoing-0 >> "Host: localhost:4723[\r][\n]"
17:27:48.085 [Forwarding getSession on session 0069878b-50ec-4e43-b4f9-a69fdb911d7a to remote] DEBUG org.apache.http.wire - http-outgoing-0 >> "Connection: Keep-Alive[\r][\n]"
17:27:48.085 [Forwarding getSession on session 0069878b-50ec-4e43-b4f9-a69fdb911d7a to remote] DEBUG org.apache.http.wire - http-outgoing-0 >> "Accept-Encoding: gzip,deflate[\r][\n]"
17:27:48.085 [Forwarding getSession on session 0069878b-50ec-4e43-b4f9-a69fdb911d7a to remote] DEBUG org.apache.http.wire - http-outgoing-0 >> "[\r][\n]"
17:27:48.089 [Forwarding getSession on session 0069878b-50ec-4e43-b4f9-a69fdb911d7a to remote] DEBUG org.apache.http.wire - http-outgoing-0 << "HTTP/1.1 200 OK[\r][\n]"
17:27:48.089 [Forwarding getSession on session 0069878b-50ec-4e43-b4f9-a69fdb911d7a to remote] DEBUG org.apache.http.wire - http-outgoing-0 << "Server: Restlet-Framework/2.3.9[\r][\n]"
17:27:48.089 [Forwarding getSession on session 0069878b-50ec-4e43-b4f9-a69fdb911d7a to remote] DEBUG org.apache.http.wire - http-outgoing-0 << "Date: Fri, 29 Mar 2019 09:27:48 GMT[\r][\n]"
17:27:48.089 [Forwarding getSession on session 0069878b-50ec-4e43-b4f9-a69fdb911d7a to remote] DEBUG org.apache.http.wire - http-outgoing-0 << "Content-type: application/json; charset=UTF-8[\r][\n]"
17:27:48.089 [Forwarding getSession on session 0069878b-50ec-4e43-b4f9-a69fdb911d7a to remote] DEBUG org.apache.http.wire - http-outgoing-0 << "Content-length: 1314[\r][\n]"
17:27:48.089 [Forwarding getSession on session 0069878b-50ec-4e43-b4f9-a69fdb911d7a to remote] DEBUG org.apache.http.wire - http-outgoing-0 << "[\r][\n]"
17:27:48.089 [Forwarding getSession on session 0069878b-50ec-4e43-b4f9-a69fdb911d7a to remote] DEBUG org.apache.http.headers - http-outgoing-0 << HTTP/1.1 200 OK
17:27:48.089 [Forwarding getSession on session 0069878b-50ec-4e43-b4f9-a69fdb911d7a to remote] DEBUG org.apache.http.headers - http-outgoing-0 << Server: Restlet-Framework/2.3.9
17:27:48.089 [Forwarding getSession on session 0069878b-50ec-4e43-b4f9-a69fdb911d7a to remote] DEBUG org.apache.http.headers - http-outgoing-0 << Date: Fri, 29 Mar 2019 09:27:48 GMT
17:27:48.089 [Forwarding getSession on session 0069878b-50ec-4e43-b4f9-a69fdb911d7a to remote] DEBUG org.apache.http.headers - http-outgoing-0 << Content-type: application/json; charset=UTF-8
17:27:48.089 [Forwarding getSession on session 0069878b-50ec-4e43-b4f9-a69fdb911d7a to remote] DEBUG org.apache.http.headers - http-outgoing-0 << Content-length: 1314
17:27:48.089 [Forwarding getSession on session 0069878b-50ec-4e43-b4f9-a69fdb911d7a to remote] DEBUG org.apache.http.impl.execchain.MainClientExec - Connection can be kept alive indefinitely
17:27:48.089 [Forwarding getSession on session 0069878b-50ec-4e43-b4f9-a69fdb911d7a to remote] DEBUG org.apache.http.wire - http-outgoing-0 << "{"sessionId":"0069878b-50ec-4e43-b4f9-a69fdb911d7a","value":{"appPackage":"com.todoist","device.majorVersion":"9","dontGoHomeOnQuit":false,"device.os":"Android","noReset":false,"dontStopAppOnReset":false,"reservationDuration":240,"reportFormat":"xml","fullReset":false,"deviceUDID":"3ST0219301001652","install.only.for.update":false,"desired":{"appActivity":".activity.HomeActivity","appPackage":"com.todoist","reportDirectory":"reports","reportFormat":"xml","platformName":"Android","udid":"3ST0219301001652","testName":"Untitled"},"device.serialNumber":"3ST0219301001652","locationServicesAuthorized":false,"device.version":"9","reportDirectory":"reports","autoWebview":false,"platformName":"Android","udid":"3ST0219301001652","testName":"Untitled","device.screenSize":"1080x2244","useKeystore":false,"test.type":"Mobile","device.manufacture":"HUAWEI","instrumentApp":false,"appiumVersion":"1.8.0","device.category":"PHONE","autoDismissAlerts":false,"reportUrl":"/Users/TestTeam/appiumstudio-reports/reports/test805","newSessionWaitTimeout":300,"keystorePath":"~/.android/debug.keystore","appActivity":".activity.HomeActivity","waitForDeviceTimeout":120000,"device.model":"HMA-L29","device.name":"HMA-L29","autoGrantPermissions":false,"takeScreenshots":true,"projectName":"","autoAcceptAlerts":false},"status":0}"
17:27:48.089 [Forwarding getSession on session 0069878b-50ec-4e43-b4f9-a69fdb911d7a to remote] DEBUG org.apache.http.impl.conn.PoolingHttpClientConnectionManager - Connection [id: 0][route: {}->http://localhost:4723] can be kept alive indefinitely
17:27:48.089 [Forwarding getSession on session 0069878b-50ec-4e43-b4f9-a69fdb911d7a to remote] DEBUG org.apache.http.impl.conn.DefaultManagedHttpClientConnection - http-outgoing-0: set socket timeout to 0
17:27:48.089 [Forwarding getSession on session 0069878b-50ec-4e43-b4f9-a69fdb911d7a to remote] DEBUG org.apache.http.impl.conn.PoolingHttpClientConnectionManager - Connection released: [id: 0][route: {}->http://localhost:4723][total kept alive: 1; route allocated: 1 of 2000; total allocated: 1 of 2000]
17:27:48.095 [Forwarding getSession on session 0069878b-50ec-4e43-b4f9-a69fdb911d7a to remote] DEBUG org.apache.http.client.protocol.RequestAddCookies - CookieSpec selected: default
17:27:48.095 [Forwarding getSession on session 0069878b-50ec-4e43-b4f9-a69fdb911d7a to remote] DEBUG org.apache.http.client.protocol.RequestAuthCache - Auth cache not set in the context
17:27:48.095 [Forwarding getSession on session 0069878b-50ec-4e43-b4f9-a69fdb911d7a to remote] DEBUG org.apache.http.impl.conn.PoolingHttpClientConnectionManager - Connection request: [route: {}->http://localhost:4723][total kept alive: 1; route allocated: 1 of 2000; total allocated: 1 of 2000]
17:27:48.095 [Forwarding getSession on session 0069878b-50ec-4e43-b4f9-a69fdb911d7a to remote] DEBUG org.apache.http.impl.conn.PoolingHttpClientConnectionManager - Connection leased: [id: 0][route: {}->http://localhost:4723][total kept alive: 0; route allocated: 1 of 2000; total allocated: 1 of 2000]
17:27:48.095 [Forwarding getSession on session 0069878b-50ec-4e43-b4f9-a69fdb911d7a to remote] DEBUG org.apache.http.impl.conn.DefaultManagedHttpClientConnection - http-outgoing-0: set socket timeout to 0
17:27:48.095 [Forwarding getSession on session 0069878b-50ec-4e43-b4f9-a69fdb911d7a to remote] DEBUG org.apache.http.impl.conn.DefaultManagedHttpClientConnection - http-outgoing-0: set socket timeout to 10800000
17:27:48.095 [Forwarding getSession on session 0069878b-50ec-4e43-b4f9-a69fdb911d7a to remote] DEBUG org.apache.http.impl.execchain.MainClientExec - Executing request GET /wd/hub/session/0069878b-50ec-4e43-b4f9-a69fdb911d7a HTTP/1.1
17:27:48.095 [Forwarding getSession on session 0069878b-50ec-4e43-b4f9-a69fdb911d7a to remote] DEBUG org.apache.http.impl.execchain.MainClientExec - Target auth state: UNCHALLENGED
17:27:48.096 [Forwarding getSession on session 0069878b-50ec-4e43-b4f9-a69fdb911d7a to remote] DEBUG org.apache.http.impl.execchain.MainClientExec - Proxy auth state: UNCHALLENGED
17:27:48.096 [Forwarding getSession on session 0069878b-50ec-4e43-b4f9-a69fdb911d7a to remote] DEBUG org.apache.http.headers - http-outgoing-0 >> GET /wd/hub/session/0069878b-50ec-4e43-b4f9-a69fdb911d7a HTTP/1.1
17:27:48.096 [Forwarding getSession on session 0069878b-50ec-4e43-b4f9-a69fdb911d7a to remote] DEBUG org.apache.http.headers - http-outgoing-0 >> Cache-Control: no-cache
17:27:48.096 [Forwarding getSession on session 0069878b-50ec-4e43-b4f9-a69fdb911d7a to remote] DEBUG org.apache.http.headers - http-outgoing-0 >> User-Agent: selenium/3.14.0 (java mac)
17:27:48.096 [Forwarding getSession on session 0069878b-50ec-4e43-b4f9-a69fdb911d7a to remote] DEBUG org.apache.http.headers - http-outgoing-0 >> Host: localhost:4723
17:27:48.096 [Forwarding getSession on session 0069878b-50ec-4e43-b4f9-a69fdb911d7a to remote] DEBUG org.apache.http.headers - http-outgoing-0 >> Connection: Keep-Alive
17:27:48.096 [Forwarding getSession on session 0069878b-50ec-4e43-b4f9-a69fdb911d7a to remote] DEBUG org.apache.http.headers - http-outgoing-0 >> Accept-Encoding: gzip,deflate
17:27:48.096 [Forwarding getSession on session 0069878b-50ec-4e43-b4f9-a69fdb911d7a to remote] DEBUG org.apache.http.wire - http-outgoing-0 >> "GET /wd/hub/session/0069878b-50ec-4e43-b4f9-a69fdb911d7a HTTP/1.1[\r][\n]"
17:27:48.096 [Forwarding getSession on session 0069878b-50ec-4e43-b4f9-a69fdb911d7a to remote] DEBUG org.apache.http.wire - http-outgoing-0 >> "Cache-Control: no-cache[\r][\n]"
17:27:48.096 [Forwarding getSession on session 0069878b-50ec-4e43-b4f9-a69fdb911d7a to remote] DEBUG org.apache.http.wire - http-outgoing-0 >> "User-Agent: selenium/3.14.0 (java mac)[\r][\n]"
17:27:48.096 [Forwarding getSession on session 0069878b-50ec-4e43-b4f9-a69fdb911d7a to remote] DEBUG org.apache.http.wire - http-outgoing-0 >> "Host: localhost:4723[\r][\n]"
17:27:48.096 [Forwarding getSession on session 0069878b-50ec-4e43-b4f9-a69fdb911d7a to remote] DEBUG org.apache.http.wire - http-outgoing-0 >> "Connection: Keep-Alive[\r][\n]"
17:27:48.096 [Forwarding getSession on session 0069878b-50ec-4e43-b4f9-a69fdb911d7a to remote] DEBUG org.apache.http.wire - http-outgoing-0 >> "Accept-Encoding: gzip,deflate[\r][\n]"
17:27:48.096 [Forwarding getSession on session 0069878b-50ec-4e43-b4f9-a69fdb911d7a to remote] DEBUG org.apache.http.wire - http-outgoing-0 >> "[\r][\n]"
17:27:48.098 [Forwarding getSession on session 0069878b-50ec-4e43-b4f9-a69fdb911d7a to remote] DEBUG org.apache.http.wire - http-outgoing-0 << "HTTP/1.1 200 OK[\r][\n]"
17:27:48.098 [Forwarding getSession on session 0069878b-50ec-4e43-b4f9-a69fdb911d7a to remote] DEBUG org.apache.http.wire - http-outgoing-0 << "Server: Restlet-Framework/2.3.9[\r][\n]"
17:27:48.098 [Forwarding getSession on session 0069878b-50ec-4e43-b4f9-a69fdb911d7a to remote] DEBUG org.apache.http.wire - http-outgoing-0 << "Date: Fri, 29 Mar 2019 09:27:48 GMT[\r][\n]"
17:27:48.098 [Forwarding getSession on session 0069878b-50ec-4e43-b4f9-a69fdb911d7a to remote] DEBUG org.apache.http.wire - http-outgoing-0 << "Content-type: application/json; charset=UTF-8[\r][\n]"
17:27:48.098 [Forwarding getSession on session 0069878b-50ec-4e43-b4f9-a69fdb911d7a to remote] DEBUG org.apache.http.wire - http-outgoing-0 << "Content-length: 1314[\r][\n]"
17:27:48.098 [Forwarding getSession on session 0069878b-50ec-4e43-b4f9-a69fdb911d7a to remote] DEBUG org.apache.http.wire - http-outgoing-0 << "[\r][\n]"
[...]
17:27:57.857 [Forwarding quit on session 0069878b-50ec-4e43-b4f9-a69fdb911d7a to remote] DEBUG org.apache.http.impl.execchain.MainClientExec - Target auth state: UNCHALLENGED
17:27:57.857 [Forwarding quit on session 0069878b-50ec-4e43-b4f9-a69fdb911d7a to remote] DEBUG org.apache.http.impl.execchain.MainClientExec - Proxy auth state: UNCHALLENGED
17:27:57.857 [Forwarding quit on session 0069878b-50ec-4e43-b4f9-a69fdb911d7a to remote] DEBUG org.apache.http.headers - http-outgoing-0 >> DELETE /wd/hub/session/0069878b-50ec-4e43-b4f9-a69fdb911d7a HTTP/1.1
17:27:57.857 [Forwarding quit on session 0069878b-50ec-4e43-b4f9-a69fdb911d7a to remote] DEBUG org.apache.http.headers - http-outgoing-0 >> User-Agent: selenium/3.14.0 (java mac)
17:27:57.857 [Forwarding quit on session 0069878b-50ec-4e43-b4f9-a69fdb911d7a to remote] DEBUG org.apache.http.headers - http-outgoing-0 >> Host: localhost:4723
17:27:57.857 [Forwarding quit on session 0069878b-50ec-4e43-b4f9-a69fdb911d7a to remote] DEBUG org.apache.http.headers - http-outgoing-0 >> Connection: Keep-Alive
17:27:57.857 [Forwarding quit on session 0069878b-50ec-4e43-b4f9-a69fdb911d7a to remote] DEBUG org.apache.http.headers - http-outgoing-0 >> Accept-Encoding: gzip,deflate
17:27:57.857 [Forwarding quit on session 0069878b-50ec-4e43-b4f9-a69fdb911d7a to remote] DEBUG org.apache.http.wire - http-outgoing-0 >> "DELETE /wd/hub/session/0069878b-50ec-4e43-b4f9-a69fdb911d7a HTTP/1.1[\r][\n]"
17:27:57.857 [Forwarding quit on session 0069878b-50ec-4e43-b4f9-a69fdb911d7a to remote] DEBUG org.apache.http.wire - http-outgoing-0 >> "User-Agent: selenium/3.14.0 (java mac)[\r][\n]"
17:27:57.857 [Forwarding quit on session 0069878b-50ec-4e43-b4f9-a69fdb911d7a to remote] DEBUG org.apache.http.wire - http-outgoing-0 >> "Host: localhost:4723[\r][\n]"
17:27:57.857 [Forwarding quit on session 0069878b-50ec-4e43-b4f9-a69fdb911d7a to remote] DEBUG org.apache.http.wire - http-outgoing-0 >> "Connection: Keep-Alive[\r][\n]"
17:27:57.857 [Forwarding quit on session 0069878b-50ec-4e43-b4f9-a69fdb911d7a to remote] DEBUG org.apache.http.wire - http-outgoing-0 >> "Accept-Encoding: gzip,deflate[\r][\n]"
17:27:57.857 [Forwarding quit on session 0069878b-50ec-4e43-b4f9-a69fdb911d7a to remote] DEBUG org.apache.http.wire - http-outgoing-0 >> "[\r][\n]"
17:28:02.837 [Forwarding quit on session 0069878b-50ec-4e43-b4f9-a69fdb911d7a to remote] DEBUG org.apache.http.wire - http-outgoing-0 << "HTTP/1.1 200 OK[\r][\n]"
17:28:02.837 [Forwarding quit on session 0069878b-50ec-4e43-b4f9-a69fdb911d7a to remote] DEBUG org.apache.http.wire - http-outgoing-0 << "Server: Restlet-Framework/2.3.9[\r][\n]"
17:28:02.837 [Forwarding quit on session 0069878b-50ec-4e43-b4f9-a69fdb911d7a to remote] DEBUG org.apache.http.wire - http-outgoing-0 << "Date: Fri, 29 Mar 2019 09:28:02 GMT[\r][\n]"
17:28:02.837 [Forwarding quit on session 0069878b-50ec-4e43-b4f9-a69fdb911d7a to remote] DEBUG org.apache.http.wire - http-outgoing-0 << "Content-type: application/json; charset=UTF-8[\r][\n]"
17:28:02.837 [Forwarding quit on session 0069878b-50ec-4e43-b4f9-a69fdb911d7a to remote] DEBUG org.apache.http.wire - http-outgoing-0 << "Content-length: 74[\r][\n]"
17:28:02.837 [Forwarding quit on session 0069878b-50ec-4e43-b4f9-a69fdb911d7a to remote] DEBUG org.apache.http.wire - http-outgoing-0 << "[\r][\n]"
17:28:02.837 [Forwarding quit on session 0069878b-50ec-4e43-b4f9-a69fdb911d7a to remote] DEBUG org.apache.http.headers - http-outgoing-0 << HTTP/1.1 200 OK
17:28:02.837 [Forwarding quit on session 0069878b-50ec-4e43-b4f9-a69fdb911d7a to remote] DEBUG org.apache.http.headers - http-outgoing-0 << Server: Restlet-Framework/2.3.9
17:28:02.837 [Forwarding quit on session 0069878b-50ec-4e43-b4f9-a69fdb911d7a to remote] DEBUG org.apache.http.headers - http-outgoing-0 << Date: Fri, 29 Mar 2019 09:28:02 GMT
17:28:02.837 [Forwarding quit on session 0069878b-50ec-4e43-b4f9-a69fdb911d7a to remote] DEBUG org.apache.http.headers - http-outgoing-0 << Content-type: application/json; charset=UTF-8
17:28:02.837 [Forwarding quit on session 0069878b-50ec-4e43-b4f9-a69fdb911d7a to remote] DEBUG org.apache.http.headers - http-outgoing-0 << Content-length: 74
17:28:02.837 [Forwarding quit on session 0069878b-50ec-4e43-b4f9-a69fdb911d7a to remote] DEBUG org.apache.http.impl.execchain.MainClientExec - Connection can be kept alive indefinitely
17:28:02.838 [Forwarding quit on session 0069878b-50ec-4e43-b4f9-a69fdb911d7a to remote] DEBUG org.apache.http.wire - http-outgoing-0 << "{"sessionId":"0069878b-50ec-4e43-b4f9-a69fdb911d7a","value":"","status":0}"
17:28:02.838 [Forwarding quit on session 0069878b-50ec-4e43-b4f9-a69fdb911d7a to remote] DEBUG org.apache.http.impl.conn.PoolingHttpClientConnectionManager - Connection [id: 0][route: {}->http://localhost:4723] can be kept alive indefinitely
17:28:02.838 [Forwarding quit on session 0069878b-50ec-4e43-b4f9-a69fdb911d7a to remote] DEBUG org.apache.http.impl.conn.DefaultManagedHttpClientConnection - http-outgoing-0: set socket timeout to 0
17:28:02.838 [Forwarding quit on session 0069878b-50ec-4e43-b4f9-a69fdb911d7a to remote] DEBUG org.apache.http.impl.conn.PoolingHttpClientConnectionManager - Connection released: [id: 0][route: {}->http://localhost:4723][total kept alive: 1; route allocated: 1 of 2000; total allocated: 1 of 2000]
17:28:02.840 [Forwarding quit on session 0069878b-50ec-4e43-b4f9-a69fdb911d7a to remote] DEBUG org.apache.http.impl.conn.PoolingHttpClientConnectionManager - Closing connections idle longer than 0 SECONDS
]]></system-out>
  <system-err><![CDATA[Mar 29, 2019 5:27:40 PM org.openqa.selenium.remote.ProtocolHandshake createSession
INFO: Detected dialect: OSS
Mar 29, 2019 5:27:40 PM org.openqa.selenium.remote.RemoteWebDriver log
INFO: Executing: findElement [cf8229dc-52c5-45ca-bd91-c8152ca4c22a, findElement {using=xpath, value=//*[@contentDescription='Change the current view']}]
Mar 29, 2019 5:27:41 PM org.openqa.selenium.remote.RemoteWebDriver log
INFO: Executed: [cf8229dc-52c5-45ca-bd91-c8152ca4c22a, findElement {using=xpath, value=//*[@contentDescription='Change the current view']}]
Mar 29, 2019 5:27:41 PM org.openqa.selenium.remote.RemoteWebDriver log
INFO: Executing: quit [cf8229dc-52c5-45ca-bd91-c8152ca4c22a, quit {}]
Mar 29, 2019 5:27:43 PM org.openqa.selenium.remote.RemoteWebDriver log
INFO: Executed: [cf8229dc-52c5-45ca-bd91-c8152ca4c22a, quit {}]
Mar 29, 2019 5:27:47 PM org.openqa.selenium.remote.ProtocolHandshake createSession
INFO: Detected dialect: OSS
Mar 29, 2019 5:27:47 PM org.openqa.selenium.remote.RemoteWebDriver log
INFO: Executing: findElement [0069878b-50ec-4e43-b4f9-a69fdb911d7a, findElement {using=xpath, value=//*[@text='Continue with email']}]
Mar 29, 2019 5:27:48 PM org.openqa.selenium.remote.RemoteWebDriver log
INFO: Executed: [0069878b-50ec-4e43-b4f9-a69fdb911d7a, findElement {using=xpath, value=//*[@text='Continue with email']}]
Mar 29, 2019 5:27:48 PM org.openqa.selenium.remote.RemoteWebDriver log
INFO: Executing: getSession [0069878b-50ec-4e43-b4f9-a69fdb911d7a, getSession {}]
Mar 29, 2019 5:27:48 PM org.openqa.selenium.remote.RemoteWebDriver log
INFO: Executed: [0069878b-50ec-4e43-b4f9-a69fdb911d7a, getSession {}]
Mar 29, 2019 5:27:48 PM org.openqa.selenium.remote.RemoteWebDriver log
INFO: Executing: getSession [0069878b-50ec-4e43-b4f9-a69fdb911d7a, getSession {}]
Mar 29, 2019 5:27:48 PM org.openqa.selenium.remote.RemoteWebDriver log
INFO: Executed: [0069878b-50ec-4e43-b4f9-a69fdb911d7a, getSession {}]
Mar 29, 2019 5:27:48 PM org.openqa.selenium.remote.RemoteWebDriver log
INFO: Executing: getSession [0069878b-50ec-4e43-b4f9-a69fdb911d7a, getSession {}]
Mar 29, 2019 5:27:48 PM org.openqa.selenium.remote.RemoteWebDriver log
INFO: Executed: [0069878b-50ec-4e43-b4f9-a69fdb911d7a, getSession {}]
Mar 29, 2019 5:27:48 PM org.openqa.selenium.remote.RemoteWebDriver log
INFO: Executing: getSession [0069878b-50ec-4e43-b4f9-a69fdb911d7a, getSession {}]
Mar 29, 2019 5:27:48 PM org.openqa.selenium.remote.RemoteWebDriver log
INFO: Executed: [0069878b-50ec-4e43-b4f9-a69fdb911d7a, getSession {}]
Mar 29, 2019 5:27:48 PM org.openqa.selenium.remote.RemoteWebDriver log
INFO: Executing: clickElement [0069878b-50ec-4e43-b4f9-a69fdb911d7a, clickElement {id=24}]
Mar 29, 2019 5:27:48 PM org.openqa.selenium.remote.RemoteWebDriver log
INFO: Executed: [0069878b-50ec-4e43-b4f9-a69fdb911d7a, clickElement {id=24}]
Mar 29, 2019 5:27:48 PM org.openqa.selenium.remote.RemoteWebDriver log
INFO: Executing: findElement [0069878b-50ec-4e43-b4f9-a69fdb911d7a, findElement {using=xpath, value=//*[@text='NONE OF THE ABOVE']}]
Mar 29, 2019 5:27:49 PM org.openqa.selenium.remote.RemoteWebDriver log
INFO: Executed: [0069878b-50ec-4e43-b4f9-a69fdb911d7a, findElement {using=xpath, value=//*[@text='NONE OF THE ABOVE']}]
Mar 29, 2019 5:27:49 PM org.openqa.selenium.remote.RemoteWebDriver log
INFO: Executing: getSession [0069878b-50ec-4e43-b4f9-a69fdb911d7a, getSession {}]
Mar 29, 2019 5:27:49 PM org.openqa.selenium.remote.RemoteWebDriver log
INFO: Executed: [0069878b-50ec-4e43-b4f9-a69fdb911d7a, getSession {}]
Mar 29, 2019 5:27:49 PM org.openqa.selenium.remote.RemoteWebDriver log
INFO: Executing: getSession [0069878b-50ec-4e43-b4f9-a69fdb911d7a, getSession {}]
Mar 29, 2019 5:27:49 PM org.openqa.selenium.remote.RemoteWebDriver log
INFO: Executed: [0069878b-50ec-4e43-b4f9-a69fdb911d7a, getSession {}]
Mar 29, 2019 5:27:49 PM org.openqa.selenium.remote.RemoteWebDriver log
INFO: Executing: getSession [0069878b-50ec-4e43-b4f9-a69fdb911d7a, getSession {}]
Mar 29, 2019 5:27:49 PM org.openqa.selenium.remote.RemoteWebDriver log
INFO: Executed: [0069878b-50ec-4e43-b4f9-a69fdb911d7a, getSession {}]
Mar 29, 2019 5:27:49 PM org.openqa.selenium.remote.RemoteWebDriver log
INFO: Executing: getSession [0069878b-50ec-4e43-b4f9-a69fdb911d7a, getSession {}]
Mar 29, 2019 5:27:49 PM org.openqa.selenium.remote.RemoteWebDriver log
INFO: Executed: [0069878b-50ec-4e43-b4f9-a69fdb911d7a, getSession {}]
Mar 29, 2019 5:27:49 PM org.openqa.selenium.remote.RemoteWebDriver log
INFO: Executing: clickElement [0069878b-50ec-4e43-b4f9-a69fdb911d7a, clickElement {id=25}]
Mar 29, 2019 5:27:50 PM org.openqa.selenium.remote.RemoteWebDriver log
INFO: Executed: [0069878b-50ec-4e43-b4f9-a69fdb911d7a, clickElement {id=25}]
Mar 29, 2019 5:27:50 PM org.openqa.selenium.remote.RemoteWebDriver log
INFO: Executing: findElement [0069878b-50ec-4e43-b4f9-a69fdb911d7a, findElement {using=xpath, value=//*[@id='email_exists_input']}]
Mar 29, 2019 5:27:51 PM org.openqa.selenium.remote.RemoteWebDriver log
INFO: Executed: [0069878b-50ec-4e43-b4f9-a69fdb911d7a, findElement {using=xpath, value=//*[@id='email_exists_input']}]
Mar 29, 2019 5:27:51 PM org.openqa.selenium.remote.RemoteWebDriver log
INFO: Executing: getSession [0069878b-50ec-4e43-b4f9-a69fdb911d7a, getSession {}]
Mar 29, 2019 5:27:51 PM org.openqa.selenium.remote.RemoteWebDriver log
INFO: Executed: [0069878b-50ec-4e43-b4f9-a69fdb911d7a, getSession {}]
Mar 29, 2019 5:27:51 PM org.openqa.selenium.remote.RemoteWebDriver log
INFO: Executing: getSession [0069878b-50ec-4e43-b4f9-a69fdb911d7a, getSession {}]
Mar 29, 2019 5:27:51 PM org.openqa.selenium.remote.RemoteWebDriver log
INFO: Executed: [0069878b-50ec-4e43-b4f9-a69fdb911d7a, getSession {}]
Mar 29, 2019 5:27:51 PM org.openqa.selenium.remote.RemoteWebDriver log
INFO: Executing: getSession [0069878b-50ec-4e43-b4f9-a69fdb911d7a, getSession {}]
Mar 29, 2019 5:27:51 PM org.openqa.selenium.remote.RemoteWebDriver log
INFO: Executed: [0069878b-50ec-4e43-b4f9-a69fdb911d7a, getSession {}]
Mar 29, 2019 5:27:51 PM org.openqa.selenium.remote.RemoteWebDriver log
INFO: Executing: getSession [0069878b-50ec-4e43-b4f9-a69fdb911d7a, getSession {}]
Mar 29, 2019 5:27:51 PM org.openqa.selenium.remote.RemoteWebDriver log
INFO: Executed: [0069878b-50ec-4e43-b4f9-a69fdb911d7a, getSession {}]
Mar 29, 2019 5:27:51 PM org.openqa.selenium.remote.RemoteWebDriver log
INFO: Executing: sendKeysToElement [0069878b-50ec-4e43-b4f9-a69fdb911d7a, sendKeysToElement {id=26, value=[Ljava.lang.CharSequence;@5c75af33}]
Mar 29, 2019 5:27:51 PM org.openqa.selenium.remote.RemoteWebDriver log
INFO: Executed: [0069878b-50ec-4e43-b4f9-a69fdb911d7a, sendKeysToElement {id=26, value=[Ljava.lang.CharSequence;@5c75af33}]
Mar 29, 2019 5:27:51 PM org.openqa.selenium.remote.RemoteWebDriver log
INFO: Executing: findElement [0069878b-50ec-4e43-b4f9-a69fdb911d7a, findElement {using=xpath, value=//*[@text='Continue with email']}]
Mar 29, 2019 5:27:52 PM org.openqa.selenium.remote.RemoteWebDriver log
INFO: Executed: [0069878b-50ec-4e43-b4f9-a69fdb911d7a, findElement {using=xpath, value=//*[@text='Continue with email']}]
Mar 29, 2019 5:27:52 PM org.openqa.selenium.remote.RemoteWebDriver log
INFO: Executing: getSession [0069878b-50ec-4e43-b4f9-a69fdb911d7a, getSession {}]
Mar 29, 2019 5:27:52 PM org.openqa.selenium.remote.RemoteWebDriver log
INFO: Executed: [0069878b-50ec-4e43-b4f9-a69fdb911d7a, getSession {}]
Mar 29, 2019 5:27:52 PM org.openqa.selenium.remote.RemoteWebDriver log
INFO: Executing: getSession [0069878b-50ec-4e43-b4f9-a69fdb911d7a, getSession {}]
Mar 29, 2019 5:27:52 PM org.openqa.selenium.remote.RemoteWebDriver log
INFO: Executed: [0069878b-50ec-4e43-b4f9-a69fdb911d7a, getSession {}]
Mar 29, 2019 5:27:52 PM org.openqa.selenium.remote.RemoteWebDriver log
INFO: Executing: getSession [0069878b-50ec-4e43-b4f9-a69fdb911d7a, getSession {}]
Mar 29, 2019 5:27:52 PM org.openqa.selenium.remote.RemoteWebDriver log
INFO: Executed: [0069878b-50ec-4e43-b4f9-a69fdb911d7a, getSession {}]
Mar 29, 2019 5:27:52 PM org.openqa.selenium.remote.RemoteWebDriver log
INFO: Executing: getSession [0069878b-50ec-4e43-b4f9-a69fdb911d7a, getSession {}]
Mar 29, 2019 5:27:52 PM org.openqa.selenium.remote.RemoteWebDriver log
INFO: Executed: [0069878b-50ec-4e43-b4f9-a69fdb911d7a, getSession {}]
Mar 29, 2019 5:27:52 PM org.openqa.selenium.remote.RemoteWebDriver log
INFO: Executing: clickElement [0069878b-50ec-4e43-b4f9-a69fdb911d7a, clickElement {id=27}]
Mar 29, 2019 5:27:52 PM org.openqa.selenium.remote.RemoteWebDriver log
INFO: Executed: [0069878b-50ec-4e43-b4f9-a69fdb911d7a, clickElement {id=27}]
Mar 29, 2019 5:27:53 PM org.openqa.selenium.remote.RemoteWebDriver log
INFO: Executing: findElements [0069878b-50ec-4e43-b4f9-a69fdb911d7a, findElements {using=xpath, value=//*[@id='log_in_password']}]
Mar 29, 2019 5:27:55 PM org.openqa.selenium.remote.RemoteWebDriver log
INFO: Executed: [0069878b-50ec-4e43-b4f9-a69fdb911d7a, findElements {using=xpath, value=//*[@id='log_in_password']}]
Mar 29, 2019 5:27:55 PM org.openqa.selenium.remote.RemoteWebDriver log
INFO: Executing: getSession [0069878b-50ec-4e43-b4f9-a69fdb911d7a, getSession {}]
Mar 29, 2019 5:27:55 PM org.openqa.selenium.remote.RemoteWebDriver log
INFO: Executed: [0069878b-50ec-4e43-b4f9-a69fdb911d7a, getSession {}]
Mar 29, 2019 5:27:55 PM org.openqa.selenium.remote.RemoteWebDriver log
INFO: Executing: getSession [0069878b-50ec-4e43-b4f9-a69fdb911d7a, getSession {}]
Mar 29, 2019 5:27:55 PM org.openqa.selenium.remote.RemoteWebDriver log
INFO: Executed: [0069878b-50ec-4e43-b4f9-a69fdb911d7a, getSession {}]
Mar 29, 2019 5:27:55 PM org.openqa.selenium.remote.RemoteWebDriver log
INFO: Executing: getSession [0069878b-50ec-4e43-b4f9-a69fdb911d7a, getSession {}]
Mar 29, 2019 5:27:55 PM org.openqa.selenium.remote.RemoteWebDriver log
INFO: Executed: [0069878b-50ec-4e43-b4f9-a69fdb911d7a, getSession {}]
Mar 29, 2019 5:27:55 PM org.openqa.selenium.remote.RemoteWebDriver log
INFO: Executing: getSession [0069878b-50ec-4e43-b4f9-a69fdb911d7a, getSession {}]
Mar 29, 2019 5:27:55 PM org.openqa.selenium.remote.RemoteWebDriver log
INFO: Executed: [0069878b-50ec-4e43-b4f9-a69fdb911d7a, getSession {}]
Mar 29, 2019 5:27:55 PM org.openqa.selenium.remote.RemoteWebDriver log
INFO: Executing: findElement [0069878b-50ec-4e43-b4f9-a69fdb911d7a, findElement {using=xpath, value=//*[@id='log_in_password']}]
Mar 29, 2019 5:27:56 PM org.openqa.selenium.remote.RemoteWebDriver log
INFO: Executed: [0069878b-50ec-4e43-b4f9-a69fdb911d7a, findElement {using=xpath, value=//*[@id='log_in_password']}]
Mar 29, 2019 5:27:56 PM org.openqa.selenium.remote.RemoteWebDriver log
INFO: Executing: getSession [0069878b-50ec-4e43-b4f9-a69fdb911d7a, getSession {}]
Mar 29, 2019 5:27:56 PM org.openqa.selenium.remote.RemoteWebDriver log
INFO: Executed: [0069878b-50ec-4e43-b4f9-a69fdb911d7a, getSession {}]
Mar 29, 2019 5:27:56 PM org.openqa.selenium.remote.RemoteWebDriver log
INFO: Executing: getSession [0069878b-50ec-4e43-b4f9-a69fdb911d7a, getSession {}]
Mar 29, 2019 5:27:56 PM org.openqa.selenium.remote.RemoteWebDriver log
INFO: Executed: [0069878b-50ec-4e43-b4f9-a69fdb911d7a, getSession {}]
Mar 29, 2019 5:27:56 PM org.openqa.selenium.remote.RemoteWebDriver log
INFO: Executing: getSession [0069878b-50ec-4e43-b4f9-a69fdb911d7a, getSession {}]
Mar 29, 2019 5:27:56 PM org.openqa.selenium.remote.RemoteWebDriver log
INFO: Executed: [0069878b-50ec-4e43-b4f9-a69fdb911d7a, getSession {}]
Mar 29, 2019 5:27:56 PM org.openqa.selenium.remote.RemoteWebDriver log
INFO: Executing: getSession [0069878b-50ec-4e43-b4f9-a69fdb911d7a, getSession {}]
Mar 29, 2019 5:27:56 PM org.openqa.selenium.remote.RemoteWebDriver log
INFO: Executed: [0069878b-50ec-4e43-b4f9-a69fdb911d7a, getSession {}]
Mar 29, 2019 5:27:56 PM org.openqa.selenium.remote.RemoteWebDriver log
INFO: Executing: sendKeysToElement [0069878b-50ec-4e43-b4f9-a69fdb911d7a, sendKeysToElement {id=29, value=[Ljava.lang.CharSequence;@56292133}]
Mar 29, 2019 5:27:56 PM org.openqa.selenium.remote.RemoteWebDriver log
INFO: Executed: [0069878b-50ec-4e43-b4f9-a69fdb911d7a, sendKeysToElement {id=29, value=[Ljava.lang.CharSequence;@56292133}]
Mar 29, 2019 5:27:56 PM org.openqa.selenium.remote.RemoteWebDriver log
INFO: Executing: findElement [0069878b-50ec-4e43-b4f9-a69fdb911d7a, findElement {using=xpath, value=//*[@id='btn_log_in']}]
Mar 29, 2019 5:27:57 PM org.openqa.selenium.remote.RemoteWebDriver log
INFO: Executed: [0069878b-50ec-4e43-b4f9-a69fdb911d7a, findElement {using=xpath, value=//*[@id='btn_log_in']}]
Mar 29, 2019 5:27:57 PM org.openqa.selenium.remote.RemoteWebDriver log
INFO: Executing: getSession [0069878b-50ec-4e43-b4f9-a69fdb911d7a, getSession {}]
Mar 29, 2019 5:27:57 PM org.openqa.selenium.remote.RemoteWebDriver log
INFO: Executed: [0069878b-50ec-4e43-b4f9-a69fdb911d7a, getSession {}]
Mar 29, 2019 5:27:57 PM org.openqa.selenium.remote.RemoteWebDriver log
INFO: Executing: getSession [0069878b-50ec-4e43-b4f9-a69fdb911d7a, getSession {}]
Mar 29, 2019 5:27:57 PM org.openqa.selenium.remote.RemoteWebDriver log
INFO: Executed: [0069878b-50ec-4e43-b4f9-a69fdb911d7a, getSession {}]
Mar 29, 2019 5:27:57 PM org.openqa.selenium.remote.RemoteWebDriver log
INFO: Executing: getSession [0069878b-50ec-4e43-b4f9-a69fdb911d7a, getSession {}]
Mar 29, 2019 5:27:57 PM org.openqa.selenium.remote.RemoteWebDriver log
INFO: Executed: [0069878b-50ec-4e43-b4f9-a69fdb911d7a, getSession {}]
Mar 29, 2019 5:27:57 PM org.openqa.selenium.remote.RemoteWebDriver log
INFO: Executing: getSession [0069878b-50ec-4e43-b4f9-a69fdb911d7a, getSession {}]
Mar 29, 2019 5:27:57 PM org.openqa.selenium.remote.RemoteWebDriver log
INFO: Executed: [0069878b-50ec-4e43-b4f9-a69fdb911d7a, getSession {}]
Mar 29, 2019 5:27:57 PM org.openqa.selenium.remote.RemoteWebDriver log
INFO: Executing: clickElement [0069878b-50ec-4e43-b4f9-a69fdb911d7a, clickElement {id=30}]
Mar 29, 2019 5:27:57 PM org.openqa.selenium.remote.RemoteWebDriver log
INFO: Executed: [0069878b-50ec-4e43-b4f9-a69fdb911d7a, clickElement {id=30}]
Mar 29, 2019 5:27:57 PM org.openqa.selenium.remote.RemoteWebDriver log
INFO: Executing: quit [0069878b-50ec-4e43-b4f9-a69fdb911d7a, quit {}]
Mar 29, 2019 5:28:02 PM org.openqa.selenium.remote.RemoteWebDriver log
INFO: Executed: [0069878b-50ec-4e43-b4f9-a69fdb911d7a, quit {}]
]]></system-err>
</testsuite>
